0001_0040_0028_0031_0031.jpg 1 40 28 31 31
0002_0038_0013_0042_0042.jpg 1 38 13 42 42
0003_0034_0035_0058_0058.jpg 1 34 35 58 58
0004_0007_0007_0051_0051.jpg 1 7 7 51 51
0005_0016_0017_0064_0064.jpg 1 16 17 64 64
0006_0009_0025_0053_0053.jpg 1 9 25 53 53
0007_0052_0022_0036_0036.jpg 1 52 22 36 36
0008_0009_0017_0052_0052.jpg 1 9 17 52 52
0009_0032_0033_0060_0060.jpg 1 32 33 60 60
0010_0038_0054_0030_0030.jpg 1 38 54 30 30
0011_0028_0014_0063_0063.jpg 1 28 14 63 63
0012_0044_0024_0041_0041.jpg 1 44 24 41 41
0013_0019_0029_0050_0050.jpg 1 19 29 50 50
0014_0010_0038_0055_0055.jpg 1 10 38 55 55
0015_0030_0015_0063_0063.jpg 1 30 15 63 63
0016_0032_0027_0048_0048.jpg 1 32 27 48 48
0017_0036_0024_0056_0056.jpg 1 36 24 56 56
0018_0036_0051_0029_0029.jpg 1 36 51 29 29
0019_0017_0025_0062_0062.jpg 1 17 25 62 62
0020_0047_0026_0044_0044.jpg 1 47 26 44 44
0021_0027_0027_0052_0052.jpg 1 27 27 52 52
0022_0007_0017_0046_0046.jpg 1 7 17 46 46
0023_0011_0049_0042_0042.jpg 1 11 49 42 42
0024_0031_0006_0064_0064.jpg 1 31 6 64 64
0025_0034_0052_0038_0038.jpg 1 34 52 38 38
0026_0049_0026_0040_0040.jpg 1 49 26 40 40
0027_0038_0015_0050_0050.jpg 1 38 15 50 50
0028_0004_0026_0066_0066.jpg 1 4 26 66 66
0029_0026_0028_0059_0059.jpg 1 26 28 59 59
0030_0049_0034_0035_0035.jpg 1 49 34 35 35
0031_0012_0018_0059_0059.jpg 1 12 18 59 59
0032_0029_0014_0026_0026.jpg 1 29 14 26 26
0033_0013_0026_0068_0068.jpg 1 13 26 68 68
0034_0006_0014_0067_0067.jpg 1 6 14 67 67
0035_0009_0026_0069_0069.jpg 1 9 26 69 69
0036_0021_0048_0043_0043.jpg 1 21 48 43 43
0037_0019_0017_0063_0063.jpg 1 19 17 63 63
0038_0050_0049_0034_0034.jpg 1 50 49 34 34
0039_0026_0019_0037_0037.jpg 1 26 19 37 37
0040_0036_0026_0031_0031.jpg 1 36 26 31 31
0041_0016_0030_0060_0060.jpg 1 16 30 60 60
0042_0031_0033_0058_0058.jpg 1 31 33 58 58
0043_0026_0058_0031_0031.jpg 1 26 58 31 31
0044_0045_0034_0049_0049.jpg 1 45 34 49 49
0045_0013_0015_0047_0047.jpg 1 13 15 47 47
0046_0039_0010_0053_0053.jpg 1 39 10 53 53
0047_0017_0024_0066_0066.jpg 1 17 24 66 66
0048_0009_0011_0038_0038.jpg 1 9 11 38 38
0049_0043_0016_0048_0048.jpg 1 43 16 48 48
0050_0036_0019_0054_0054.jpg 1 36 19 54 54
0051_0005_0025_0064_0064.jpg 1 5 25 64 64
0052_0051_0058_0031_0031.jpg 1 51 58 31 31
0053_0029_0011_0046_0046.jpg 1 29 11 46 46
0054_0049_0041_0044_0044.jpg 1 49 41 44 44
0055_0044_0030_0049_0049.jpg 1 44 30 49 49
0056_0050_0025_0024_0024.jpg 1 50 25 24 24
0057_0006_0007_0069_0069.jpg 1 6 7 69 69
0058_0013_0026_0058_0058.jpg 1 13 26 58 58
0059_0009_0014_0058_0058.jpg 1 9 14 58 58
0060_0050_0044_0036_0036.jpg 1 50 44 36 36
0061_0014_0022_0059_0059.jpg 1 14 22 59 59
0062_0026_0045_0041_0041.jpg 1 26 45 41 41
0063_0046_0049_0032_0032.jpg 1 46 49 32 32
0064_0056_0010_0028_0028.jpg 1 56 10 28 28
0065_0028_0028_0049_0049.jpg 1 28 28 49 49
0066_0042_0014_0026_0026.jpg 1 42 14 26 26
0067_0009_0019_0055_0055.jpg 1 9 19 55 55
0068_0011_0049_0042_0042.jpg 1 11 49 42 42
0069_0037_0050_0031_0031.jpg 1 37 50 31 31
0070_0037_0014_0026_0026.jpg 1 37 14 26 26
0071_0023_0024_0066_0066.jpg 1 23 24 66 66
0072_0052_0015_0026_0026.jpg 1 52 15 26 26
0073_0010_0026_0061_0061.jpg 1 10 26 61 61
0074_0032_0024_0041_0041.jpg 1 32 24 41 41
0075_0033_0049_0030_0030.jpg 1 33 49 30 30
0076_0023_0023_0063_0063.jpg 1 23 23 63 63
0077_0045_0016_0024_0024.jpg 1 45 16 24 24
0078_0021_0037_0034_0034.jpg 1 21 37 34 34
0079_0027_0018_0066_0066.jpg 1 27 18 66 66
0080_0041_0021_0026_0026.jpg 1 41 21 26 26
0081_0035_0044_0040_0040.jpg 1 35 44 40 40
0082_0013_0029_0064_0064.jpg 1 13 29 64 64
0083_0040_0046_0024_0024.jpg 1 40 46 24 24
0084_0014_0055_0037_0037.jpg 1 14 55 37 37
0085_0006_0007_0049_0049.jpg 1 6 7 49 49
0086_0006_0037_0055_0055.jpg 1 6 37 55 55
0087_0019_0045_0046_0046.jpg 1 19 45 46 46
0088_0049_0040_0043_0043.jpg 1 49 40 43 43
0089_0049_0060_0029_0029.jpg 1 49 60 29 29
0090_0016_0011_0032_0032.jpg 1 16 11 32 32
0091_0048_0024_0045_0045.jpg 1 48 24 45 45
0092_0037_0023_0027_0027.jpg 1 37 23 27 27
0093_0043_0009_0044_0044.jpg 1 43 9 44 44
0094_0020_0042_0036_0036.jpg 1 20 42 36 36
0095_0015_0029_0049_0049.jpg 1 15 29 49 49
0096_0032_0033_0039_0039.jpg 1 32 33 39 39
0097_0034_0045_0042_0042.jpg 1 34 45 42 42
0098_0028_0026_0036_0036.jpg 1 28 26 36 36
0099_0013_0060_0024_0024.jpg 1 13 60 24 24
0100_0020_0032_0058_0058.jpg 1 20 32 58 58
0101_0014_0030_0035_0035.jpg 1 14 30 35 35
0102_0010_0032_0055_0055.jpg 1 10 32 55 55
0103_0012_0028_0056_0056.jpg 1 12 28 56 56
0104_0047_0047_0045_0045.jpg 1 47 47 45 45
0105_0016_0006_0050_0050.jpg 1 16 6 50 50
0106_0037_0037_0047_0047.jpg 1 37 37 47 47
0107_0014_0021_0065_0065.jpg 1 14 21 65 65
0108_0007_0022_0056_0056.jpg 1 7 22 56 56
0109_0063_0008_0025_0025.jpg 1 63 8 25 25
0110_0023_0015_0065_0065.jpg 1 23 15 65 65
0111_0051_0065_0024_0024.jpg 1 51 65 24 24
0112_0015_0043_0040_0040.jpg 1 15 43 40 40
0113_0062_0021_0026_0026.jpg 1 62 21 26 26
0114_0023_0015_0065_0065.jpg 1 23 15 65 65
0115_0021_0008_0047_0047.jpg 1 21 8 47 47
0116_0033_0008_0044_0044.jpg 1 33 8 44 44
0117_0035_0025_0032_0032.jpg 1 35 25 32 32
0118_0019_0010_0068_0068.jpg 1 19 10 68 68
0119_0035_0033_0038_0038.jpg 1 35 33 38 38
0120_0025_0032_0063_0063.jpg 1 25 32 63 63
0121_0026_0006_0039_0039.jpg 1 26 6 39 39
0122_0012_0016_0026_0026.jpg 1 12 16 26 26
0123_0006_0009_0056_0056.jpg 1 6 9 56 56
0124_0040_0047_0039_0039.jpg 1 40 47 39 39
0125_0050_0046_0038_0038.jpg 1 50 46 38 38
0126_0026_0025_0048_0048.jpg 1 26 25 48 48
0127_0038_0021_0042_0042.jpg 1 38 21 42 42
0128_0046_0024_0031_0031.jpg 1 46 24 31 31
0129_0006_0005_0062_0062.jpg 1 6 5 62 62
0130_0058_0062_0025_0025.jpg 1 58 62 25 25
0131_0016_0010_0049_0049.jpg 1 16 10 49 49
0132_0012_0024_0049_0049.jpg 1 12 24 49 49
0133_0010_0019_0069_0069.jpg 1 10 19 69 69
0134_0028_0019_0041_0041.jpg 1 28 19 41 41
0135_0032_0008_0032_0032.jpg 1 32 8 32 32
0136_0046_0048_0027_0027.jpg 1 46 48 27 27
0137_0035_0020_0032_0032.jpg 1 35 20 32 32
0138_0014_0051_0038_0038.jpg 1 14 51 38 38
0139_0039_0023_0025_0025.jpg 1 39 23 25 25
0140_0027_0009_0056_0056.jpg 1 27 9 56 56
0141_0013_0038_0033_0033.jpg 1 13 38 33 33
0142_0022_0037_0053_0053.jpg 1 22 37 53 53
0143_0033_0035_0057_0057.jpg 1 33 35 57 57
0144_0011_0058_0027_0027.jpg 1 11 58 27 27
0145_0007_0021_0045_0045.jpg 1 7 21 45 45
0146_0047_0052_0026_0026.jpg 1 47 52 26 26
0147_0032_0029_0048_0048.jpg 1 32 29 48 48
0148_0047_0027_0043_0043.jpg 1 47 27 43 43
0149_0022_0020_0056_0056.jpg 1 22 20 56 56
0150_0029_0063_0025_0025.jpg 1 29 63 25 25
0151_0031_0057_0035_0035.jpg 1 31 57 35 35
0152_0036_0043_0031_0031.jpg 1 36 43 31 31
0153_0009_0021_0049_0049.jpg 1 9 21 49 49
0154_0007_0011_0064_0064.jpg 1 7 11 64 64
0155_0030_0020_0037_0037.jpg 1 30 20 37 37
0156_0060_0013_0029_0029.jpg 1 60 13 29 29
0157_0011_0012_0062_0062.jpg 1 11 12 62 62
0158_0045_0008_0030_0030.jpg 1 45 8 30 30
0159_0036_0006_0052_0052.jpg 1 36 6 52 52
0160_0021_0008_0054_0054.jpg 1 21 8 54 54
0161_0021_0018_0066_0066.jpg 1 21 18 66 66
0162_0021_0051_0032_0032.jpg 1 21 51 32 32
0163_0051_0010_0036_0036.jpg 1 51 10 36 36
0164_0026_0022_0066_0066.jpg 1 26 22 66 66
0165_0027_0053_0025_0025.jpg 1 27 53 25 25
0166_0022_0020_0038_0038.jpg 1 22 20 38 38
0167_0044_0012_0047_0047.jpg 1 44 12 47 47
0168_0023_0032_0053_0053.jpg 1 23 32 53 53
0169_0006_0008_0051_0051.jpg 1 6 8 51 51
0170_0055_0042_0024_0024.jpg 1 55 42 24 24
0171_0021_0008_0052_0052.jpg 1 21 8 52 52
0172_0011_0060_0029_0029.jpg 1 11 60 29 29
0173_0050_0020_0031_0031.jpg 1 50 20 31 31
0174_0060_0047_0031_0031.jpg 1 60 47 31 31
0175_0030_0004_0057_0057.jpg 1 30 4 57 57
0176_0018_0054_0034_0034.jpg 1 18 54 34 34
0177_0034_0018_0055_0055.jpg 1 34 18 55 55
0178_0034_0037_0048_0048.jpg 1 34 37 48 48
0179_0023_0017_0037_0037.jpg 1 23 17 37 37
0180_0012_0006_0042_0042.jpg 1 12 6 42 42
0181_0013_0039_0054_0054.jpg 1 13 39 54 54
0182_0025_0025_0053_0053.jpg 1 25 25 53 53
0183_0023_0004_0057_0057.jpg 1 23 4 57 57
0184_0065_0064_0026_0026.jpg 1 65 64 26 26
0185_0017_0023_0064_0064.jpg 1 17 23 64 64
0186_0033_0042_0052_0052.jpg 1 33 42 52 52
0187_0041_0004_0053_0053.jpg 1 41 4 53 53
0188_0036_0040_0042_0042.jpg 1 36 40 42 42
0189_0011_0010_0035_0035.jpg 1 11 10 35 35
0190_0062_0018_0026_0026.jpg 1 62 18 26 26
0191_0006_0008_0040_0040.jpg 1 6 8 40 40
0192_0036_0027_0035_0035.jpg 1 36 27 35 35
0193_0020_0024_0049_0049.jpg 1 20 24 49 49
0194_0031_0020_0050_0050.jpg 1 31 20 50 50
0195_0050_0014_0044_0044.jpg 1 50 14 44 44
0196_0039_0016_0033_0033.jpg 1 39 16 33 33
0197_0027_0011_0042_0042.jpg 1 27 11 42 42
0198_0055_0007_0031_0031.jpg 1 55 7 31 31
0199_0017_0024_0048_0048.jpg 1 17 24 48 48
0200_0030_0030_0035_0035.jpg 1 30 30 35 35
0201_0009_0028_0051_0051.jpg 1 9 28 51 51
0202_0029_0011_0067_0067.jpg 1 29 11 67 67
0203_0020_0042_0025_0025.jpg 1 20 42 25 25
0204_0031_0034_0058_0058.jpg 1 31 34 58 58
0205_0010_0007_0063_0063.jpg 1 10 7 63 63
0206_0062_0058_0029_0029.jpg 1 62 58 29 29
0207_0011_0053_0024_0024.jpg 1 11 53 24 24
0208_0009_0059_0024_0024.jpg 1 9 59 24 24
0209_0037_0018_0044_0044.jpg 1 37 18 44 44
0210_0008_0031_0046_0046.jpg 1 8 31 46 46
0211_0042_0053_0039_0039.jpg 1 42 53 39 39
0212_0021_0041_0031_0031.jpg 1 21 41 31 31
0213_0008_0024_0067_0067.jpg 1 8 24 67 67
0214_0025_0038_0048_0048.jpg 1 25 38 48 48
0215_0028_0028_0040_0040.jpg 1 28 28 40 40
0216_0032_0014_0061_0061.jpg 1 32 14 61 61
0217_0034_0039_0044_0044.jpg 1 34 39 44 44
0218_0017_0027_0027_0027.jpg 1 17 27 27 27
0219_0017_0028_0035_0035.jpg 1 17 28 35 35
0220_0034_0024_0027_0027.jpg 1 34 24 27 27
0221_0028_0052_0034_0034.jpg 1 28 52 34 34
0222_0008_0007_0042_0042.jpg 1 8 7 42 42
0223_0039_0040_0042_0042.jpg 1 39 40 42 42
0224_0041_0044_0037_0037.jpg 1 41 44 37 37
0225_0007_0022_0055_0055.jpg 1 7 22 55 55
0226_0023_0009_0060_0060.jpg 1 23 9 60 60
0227_0024_0031_0061_0061.jpg 1 24 31 61 61
0228_0033_0005_0059_0059.jpg 1 33 5 59 59
0229_0031_0020_0045_0045.jpg 1 31 20 45 45
0230_0033_0026_0046_0046.jpg 1 33 26 46 46
0231_0013_0025_0030_0030.jpg 1 13 25 30 30
0232_0016_0035_0045_0045.jpg 1 16 35 45 45
0233_0050_0010_0041_0041.jpg 1 50 10 41 41
0234_0052_0057_0030_0030.jpg 1 52 57 30 30
0235_0037_0005_0048_0048.jpg 1 37 5 48 48
0236_0015_0026_0068_0068.jpg 1 15 26 68 68
0237_0030_0027_0065_0065.jpg 1 30 27 65 65
0238_0018_0021_0067_0067.jpg 1 18 21 67 67
0239_0014_0035_0048_0048.jpg 1 14 35 48 48
0240_0043_0035_0051_0051.jpg 1 43 35 51 51
0241_0044_0063_0027_0027.jpg 1 44 63 27 27
0242_0032_0004_0062_0062.jpg 1 32 4 62 62
0243_0032_0028_0054_0054.jpg 1 32 28 54 54
0244_0010_0045_0044_0044.jpg 1 10 45 44 44
0245_0033_0061_0032_0032.jpg 1 33 61 32 32
0246_0043_0019_0042_0042.jpg 1 43 19 42 42
0247_0004_0024_0066_0066.jpg 1 4 24 66 66
0248_0010_0021_0038_0038.jpg 1 10 21 38 38
0249_0050_0024_0042_0042.jpg 1 50 24 42 42
0250_0032_0063_0027_0027.jpg 1 32 63 27 27
0251_0009_0026_0063_0063.jpg 1 9 26 63 63
0252_0028_0038_0046_0046.jpg 1 28 38 46 46
0253_0018_0008_0055_0055.jpg 1 18 8 55 55
0254_0008_0006_0069_0069.jpg 1 8 6 69 69
0255_0025_0005_0068_0068.jpg 1 25 5 68 68
0256_0020_0008_0069_0069.jpg 1 20 8 69 69
0257_0059_0055_0030_0030.jpg 1 59 55 30 30
0258_0037_0012_0030_0030.jpg 1 37 12 30 30
0259_0037_0040_0052_0052.jpg 1 37 40 52 52
0260_0014_0027_0030_0030.jpg 1 14 27 30 30
0261_0047_0054_0036_0036.jpg 1 47 54 36 36
0262_0012_0020_0063_0063.jpg 1 12 20 63 63
0263_0040_0050_0043_0043.jpg 1 40 50 43 43
0264_0004_0017_0066_0066.jpg 1 4 17 66 66
0265_0039_0023_0051_0051.jpg 1 39 23 51 51
0266_0025_0016_0035_0035.jpg 1 25 16 35 35
0267_0030_0030_0045_0045.jpg 1 30 30 45 45
0268_0029_0027_0056_0056.jpg 1 29 27 56 56
0269_0010_0010_0064_0064.jpg 1 10 10 64 64
0270_0006_0031_0055_0055.jpg 1 6 31 55 55
0271_0052_0036_0040_0040.jpg 1 52 36 40 40
0272_0004_0016_0060_0060.jpg 1 4 16 60 60
0273_0040_0043_0031_0031.jpg 1 40 43 31 31
0274_0023_0008_0061_0061.jpg 1 23 8 61 61
0275_0025_0023_0034_0034.jpg 1 25 23 34 34
0276_0035_0054_0033_0033.jpg 1 35 54 33 33
0277_0034_0012_0029_0029.jpg 1 34 12 29 29
0278_0022_0005_0063_0063.jpg 1 22 5 63 63
0279_0041_0029_0029_0029.jpg 1 41 29 29 29
0280_0039_0050_0040_0040.jpg 1 39 50 40 40
0281_0017_0009_0061_0061.jpg 1 17 9 61 61
0282_0040_0032_0047_0047.jpg 1 40 32 47 47
0283_0057_0027_0031_0031.jpg 1 57 27 31 31
0284_0046_0038_0041_0041.jpg 1 46 38 41 41
0285_0021_0039_0050_0050.jpg 1 21 39 50 50
0286_0013_0025_0042_0042.jpg 1 13 25 42 42
0287_0022_0036_0041_0041.jpg 1 22 36 41 41
0288_0014_0055_0027_0027.jpg 1 14 55 27 27
0289_0048_0025_0039_0039.jpg 1 48 25 39 39
0290_0031_0048_0045_0045.jpg 1 31 48 45 45
0291_0025_0048_0033_0033.jpg 1 25 48 33 33
0292_0024_0017_0069_0069.jpg 1 24 17 69 69
0293_0009_0035_0055_0055.jpg 1 9 35 55 55
0294_0050_0052_0032_0032.jpg 1 50 52 32 32
0295_0050_0015_0041_0041.jpg 1 50 15 41 41
0296_0018_0010_0061_0061.jpg 1 18 10 61 61
0297_0023_0011_0068_0068.jpg 1 23 11 68 68
0298_0050_0049_0041_0041.jpg 1 50 49 41 41
0299_0006_0054_0038_0038.jpg 1 6 54 38 38
0300_0036_0028_0031_0031.jpg 1 36 28 31 31
0301_0035_0032_0032_0032.jpg 1 35 32 32 32
0302_0040_0041_0048_0048.jpg 1 40 41 48 48
0303_0018_0056_0034_0034.jpg 1 18 56 34 34
0304_0005_0008_0047_0047.jpg 1 5 8 47 47
0305_0029_0028_0057_0057.jpg 1 29 28 57 57
0306_0032_0058_0026_0026.jpg 1 32 58 26 26
0307_0010_0042_0051_0051.jpg 1 10 42 51 51
0308_0014_0064_0027_0027.jpg 1 14 64 27 27
0309_0032_0040_0024_0024.jpg 1 32 40 24 24
0310_0030_0041_0044_0044.jpg 1 30 41 44 44
0311_0026_0016_0061_0061.jpg 1 26 16 61 61
0312_0015_0039_0030_0030.jpg 1 15 39 30 30
0313_0026_0022_0055_0055.jpg 1 26 22 55 55
0314_0017_0032_0035_0035.jpg 1 17 32 35 35
0315_0026_0029_0050_0050.jpg 1 26 29 50 50
0316_0028_0033_0056_0056.jpg 1 28 33 56 56
0317_0008_0012_0058_0058.jpg 1 8 12 58 58
0318_0052_0027_0035_0035.jpg 1 52 27 35 35
0319_0031_0052_0031_0031.jpg 1 31 52 31 31
0320_0012_0022_0062_0062.jpg 1 12 22 62 62
0321_0014_0031_0062_0062.jpg 1 14 31 62 62
0322_0046_0034_0047_0047.jpg 1 46 34 47 47
0323_0013_0039_0044_0044.jpg 1 13 39 44 44
0324_0007_0018_0065_0065.jpg 1 7 18 65 65
0325_0028_0014_0032_0032.jpg 1 28 14 32 32
0326_0008_0019_0064_0064.jpg 1 8 19 64 64
0327_0020_0017_0066_0066.jpg 1 20 17 66 66
0328_0026_0030_0061_0061.jpg 1 26 30 61 61
0329_0012_0020_0066_0066.jpg 1 12 20 66 66
0330_0007_0049_0036_0036.jpg 1 7 49 36 36
0331_0018_0017_0066_0066.jpg 1 18 17 66 66
0332_0014_0012_0068_0068.jpg 1 14 12 68 68
0333_0028_0030_0051_0051.jpg 1 28 30 51 51
0334_0008_0032_0049_0049.jpg 1 8 32 49 49
0335_0033_0011_0049_0049.jpg 1 33 11 49 49
0336_0022_0008_0060_0060.jpg 1 22 8 60 60
0337_0019_0005_0064_0064.jpg 1 19 5 64 64
0338_0032_0022_0038_0038.jpg 1 32 22 38 38
0339_0018_0025_0031_0031.jpg 1 18 25 31 31
0340_0010_0030_0059_0059.jpg 1 10 30 59 59
0341_0012_0048_0026_0026.jpg 1 12 48 26 26
0342_0013_0027_0048_0048.jpg 1 13 27 48 48
0343_0027_0023_0036_0036.jpg 1 27 23 36 36
0344_0018_0048_0025_0025.jpg 1 18 48 25 25
0345_0037_0028_0058_0058.jpg 1 37 28 58 58
0346_0005_0028_0063_0063.jpg 1 5 28 63 63
0347_0016_0019_0059_0059.jpg 1 16 19 59 59
0348_0004_0016_0062_0062.jpg 1 4 16 62 62
0349_0016_0024_0069_0069.jpg 1 16 24 69 69
0350_0029_0041_0028_0028.jpg 1 29 41 28 28
0351_0031_0033_0055_0055.jpg 1 31 33 55 55
0352_0041_0043_0038_0038.jpg 1 41 43 38 38
0353_0050_0037_0033_0033.jpg 1 50 37 33 33
0354_0026_0009_0067_0067.jpg 1 26 9 67 67
0355_0024_0025_0058_0058.jpg 1 24 25 58 58
0356_0029_0018_0037_0037.jpg 1 29 18 37 37
0357_0032_0007_0058_0058.jpg 1 32 7 58 58
0358_0047_0044_0033_0033.jpg 1 47 44 33 33
0359_0020_0034_0057_0057.jpg 1 20 34 57 57
0360_0032_0010_0062_0062.jpg 1 32 10 62 62
0361_0009_0031_0043_0043.jpg 1 9 31 43 43
0362_0061_0014_0031_0031.jpg 1 61 14 31 31
0363_0018_0025_0063_0063.jpg 1 18 25 63 63
0364_0011_0025_0067_0067.jpg 1 11 25 67 67
0365_0027_0009_0047_0047.jpg 1 27 9 47 47
0366_0026_0020_0050_0050.jpg 1 26 20 50 50
0367_0040_0019_0040_0040.jpg 1 40 19 40 40
0368_0020_0018_0059_0059.jpg 1 20 18 59 59
0369_0022_0041_0046_0046.jpg 1 22 41 46 46
0370_0006_0021_0057_0057.jpg 1 6 21 57 57
0371_0032_0047_0042_0042.jpg 1 32 47 42 42
0372_0038_0023_0033_0033.jpg 1 38 23 33 33
0373_0018_0031_0049_0049.jpg 1 18 31 49 49
0374_0028_0013_0028_0028.jpg 1 28 13 28 28
0375_0025_0004_0061_0061.jpg 1 25 4 61 61
0376_0055_0032_0036_0036.jpg 1 55 32 36 36
0377_0008_0027_0068_0068.jpg 1 8 27 68 68
0378_0030_0027_0055_0055.jpg 1 30 27 55 55
0379_0017_0013_0069_0069.jpg 1 17 13 69 69
0380_0012_0028_0063_0063.jpg 1 12 28 63 63
0381_0021_0031_0061_0061.jpg 1 21 31 61 61
0382_0055_0050_0032_0032.jpg 1 55 50 32 32
0383_0026_0019_0064_0064.jpg 1 26 19 64 64
0384_0030_0022_0063_0063.jpg 1 30 22 63 63
0385_0044_0021_0042_0042.jpg 1 44 21 42 42
0386_0033_0029_0061_0061.jpg 1 33 29 61 61
0387_0019_0017_0068_0068.jpg 1 19 17 68 68
0388_0043_0045_0043_0043.jpg 1 43 45 43 43
0389_0036_0010_0057_0057.jpg 1 36 10 57 57
0390_0041_0013_0039_0039.jpg 1 41 13 39 39
0391_0039_0035_0038_0038.jpg 1 39 35 38 38
0392_0009_0016_0040_0040.jpg 1 9 16 40 40
0393_0022_0031_0024_0024.jpg 1 22 31 24 24
0394_0051_0024_0024_0024.jpg 1 51 24 24 24
0395_0020_0045_0024_0024.jpg 1 20 45 24 24
0396_0027_0008_0036_0036.jpg 1 27 8 36 36
0397_0011_0022_0062_0062.jpg 1 11 22 62 62
0398_0037_0039_0042_0042.jpg 1 37 39 42 42
0399_0019_0049_0045_0045.jpg 1 19 49 45 45
0400_0036_0063_0029_0029.jpg 1 36 63 29 29
0401_0025_0048_0034_0034.jpg 1 25 48 34 34
0402_0011_0013_0066_0066.jpg 1 11 13 66 66
0403_0029_0031_0055_0055.jpg 1 29 31 55 55
0404_0031_0007_0049_0049.jpg 1 31 7 49 49
0405_0004_0032_0058_0058.jpg 1 4 32 58 58
0406_0019_0015_0061_0061.jpg 1 19 15 61 61
0407_0027_0009_0065_0065.jpg 1 27 9 65 65
0408_0044_0052_0038_0038.jpg 1 44 52 38 38
0409_0033_0048_0025_0025.jpg 1 33 48 25 25
0410_0061_0007_0029_0029.jpg 1 61 7 29 29
0411_0033_0032_0056_0056.jpg 1 33 32 56 56
0412_0007_0024_0047_0047.jpg 1 7 24 47 47
0413_0025_0016_0050_0050.jpg 1 25 16 50 50
0414_0010_0035_0060_0060.jpg 1 10 35 60 60
0415_0010_0017_0069_0069.jpg 1 10 17 69 69
0416_0028_0025_0050_0050.jpg 1 28 25 50 50
0417_0046_0051_0038_0038.jpg 1 46 51 38 38
0418_0011_0005_0067_0067.jpg 1 11 5 67 67
0419_0033_0009_0025_0025.jpg 1 33 9 25 25
0420_0032_0011_0048_0048.jpg 1 32 11 48 48
0421_0038_0053_0025_0025.jpg 1 38 53 25 25
0422_0011_0025_0055_0055.jpg 1 11 25 55 55
0423_0061_0023_0031_0031.jpg 1 61 23 31 31
0424_0019_0023_0043_0043.jpg 1 19 23 43 43
0425_0052_0056_0033_0033.jpg 1 52 56 33 33
0426_0035_0044_0044_0044.jpg 1 35 44 44 44
0427_0005_0030_0062_0062.jpg 1 5 30 62 62
0428_0023_0014_0035_0035.jpg 1 23 14 35 35
0429_0037_0015_0047_0047.jpg 1 37 15 47 47
0430_0041_0041_0045_0045.jpg 1 41 41 45 45
0431_0038_0024_0056_0056.jpg 1 38 24 56 56
0432_0020_0031_0065_0065.jpg 1 20 31 65 65
0433_0013_0045_0039_0039.jpg 1 13 45 39 39
0434_0008_0017_0038_0038.jpg 1 8 17 38 38
0435_0026_0015_0043_0043.jpg 1 26 15 43 43
0436_0011_0015_0064_0064.jpg 1 11 15 64 64
0437_0021_0035_0051_0051.jpg 1 21 35 51 51
0438_0020_0012_0066_0066.jpg 1 20 12 66 66
0439_0058_0038_0031_0031.jpg 1 58 38 31 31
0440_0036_0039_0046_0046.jpg 1 36 39 46 46
0441_0014_0013_0069_0069.jpg 1 14 13 69 69
0442_0020_0026_0059_0059.jpg 1 20 26 59 59
0443_0013_0036_0029_0029.jpg 1 13 36 29 29
0444_0020_0030_0048_0048.jpg 1 20 30 48 48
0445_0027_0055_0024_0024.jpg 1 27 55 24 24
0446_0047_0031_0025_0025.jpg 1 47 31 25 25
0447_0045_0041_0045_0045.jpg 1 45 41 45 45
0448_0038_0041_0040_0040.jpg 1 38 41 40 40
0449_0027_0044_0034_0034.jpg 1 27 44 34 34
0450_0015_0028_0062_0062.jpg 1 15 28 62 62
0451_0021_0018_0046_0046.jpg 1 21 18 46 46
0452_0008_0010_0069_0069.jpg 1 8 10 69 69
0453_0027_0006_0045_0045.jpg 1 27 6 45 45
0454_0024_0013_0061_0061.jpg 1 24 13 61 61
0455_0027_0027_0028_0028.jpg 1 27 27 28 28
0456_0017_0059_0025_0025.jpg 1 17 59 25 25
0457_0040_0013_0042_0042.jpg 1 40 13 42 42
0458_0050_0034_0034_0034.jpg 1 50 34 34 34
0459_0023_0051_0042_0042.jpg 1 23 51 42 42
0460_0023_0010_0069_0069.jpg 1 23 10 69 69
0461_0028_0027_0054_0054.jpg 1 28 27 54 54
0462_0006_0028_0053_0053.jpg 1 6 28 53 53
0463_0024_0015_0063_0063.jpg 1 24 15 63 63
0464_0051_0027_0039_0039.jpg 1 51 27 39 39
0465_0017_0005_0060_0060.jpg 1 17 5 60 60
0466_0008_0008_0045_0045.jpg 1 8 8 45 45
0467_0029_0049_0027_0027.jpg 1 29 49 27 27
0468_0035_0027_0031_0031.jpg 1 35 27 31 31
0469_0009_0029_0049_0049.jpg 1 9 29 49 49
0470_0044_0017_0047_0047.jpg 1 44 17 47 47
0471_0055_0058_0027_0027.jpg 1 55 58 27 27
0472_0043_0055_0033_0033.jpg 1 43 55 33 33
0473_0013_0037_0049_0049.jpg 1 13 37 49 49
0474_0011_0043_0051_0051.jpg 1 11 43 51 51
0475_0005_0005_0069_0069.jpg 1 5 5 69 69
0476_0024_0027_0031_0031.jpg 1 24 27 31 31
0477_0018_0004_0069_0069.jpg 1 18 4 69 69
0478_0018_0033_0028_0028.jpg 1 18 33 28 28
0479_0016_0005_0068_0068.jpg 1 16 5 68 68
0480_0027_0036_0031_0031.jpg 1 27 36 31 31
0481_0053_0057_0031_0031.jpg 1 53 57 31 31
0482_0023_0039_0050_0050.jpg 1 23 39 50 50
0483_0044_0040_0032_0032.jpg 1 44 40 32 32
0484_0019_0011_0063_0063.jpg 1 19 11 63 63
0485_0011_0045_0044_0044.jpg 1 11 45 44 44
0486_0017_0045_0042_0042.jpg 1 17 45 42 42
0487_0047_0040_0032_0032.jpg 1 47 40 32 32
0488_0015_0042_0051_0051.jpg 1 15 42 51 51
0489_0008_0007_0046_0046.jpg 1 8 7 46 46
0490_0009_0025_0052_0052.jpg 1 9 25 52 52
0491_0006_0018_0062_0062.jpg 1 6 18 62 62
0492_0013_0011_0062_0062.jpg 1 13 11 62 62
0493_0029_0013_0057_0057.jpg 1 29 13 57 57
0494_0062_0058_0024_0024.jpg 1 62 58 24 24
0495_0030_0004_0062_0062.jpg 1 30 4 62 62
0496_0021_0019_0069_0069.jpg 1 21 19 69 69
0497_0020_0014_0060_0060.jpg 1 20 14 60 60
0498_0042_0013_0035_0035.jpg 1 42 13 35 35
0499_0033_0022_0025_0025.jpg 1 33 22 25 25
0500_0045_0034_0042_0042.jpg 1 45 34 42 42
0501_0065_0038_0026_0026.jpg 1 65 38 26 26
0502_0041_0028_0047_0047.jpg 1 41 28 47 47
0503_0041_0040_0027_0027.jpg 1 41 40 27 27
0504_0036_0034_0050_0050.jpg 1 36 34 50 50
0505_0035_0033_0057_0057.jpg 1 35 33 57 57
0506_0024_0024_0059_0059.jpg 1 24 24 59 59
0507_0038_0048_0034_0034.jpg 1 38 48 34 34
0508_0011_0013_0029_0029.jpg 1 11 13 29 29
0509_0007_0016_0061_0061.jpg 1 7 16 61 61
0510_0027_0027_0066_0066.jpg 1 27 27 66 66
0511_0048_0017_0043_0043.jpg 1 48 17 43 43
0512_0046_0054_0028_0028.jpg 1 46 54 28 28
0513_0051_0006_0042_0042.jpg 1 51 6 42 42
0514_0019_0030_0056_0056.jpg 1 19 30 56 56
0515_0018_0050_0043_0043.jpg 1 18 50 43 43
0516_0026_0026_0066_0066.jpg 1 26 26 66 66
0517_0021_0013_0056_0056.jpg 1 21 13 56 56
0518_0030_0054_0030_0030.jpg 1 30 54 30 30
0519_0034_0040_0034_0034.jpg 1 34 40 34 34
0520_0020_0016_0051_0051.jpg 1 20 16 51 51
0521_0029_0019_0041_0041.jpg 1 29 19 41 41
0522_0011_0017_0067_0067.jpg 1 11 17 67 67
0523_0038_0048_0031_0031.jpg 1 38 48 31 31
0524_0007_0021_0060_0060.jpg 1 7 21 60 60
0525_0016_0015_0057_0057.jpg 1 16 15 57 57
0526_0023_0025_0025_0025.jpg 1 23 25 25 25
0527_0029_0053_0039_0039.jpg 1 29 53 39 39
0528_0014_0023_0050_0050.jpg 1 14 23 50 50
0529_0022_0019_0050_0050.jpg 1 22 19 50 50
0530_0019_0007_0069_0069.jpg 1 19 7 69 69
0531_0041_0049_0024_0024.jpg 1 41 49 24 24
0532_0022_0020_0060_0060.jpg 1 22 20 60 60
0533_0034_0016_0058_0058.jpg 1 34 16 58 58
0534_0006_0013_0054_0054.jpg 1 6 13 54 54
0535_0009_0004_0069_0069.jpg 1 9 4 69 69
0536_0055_0049_0032_0032.jpg 1 55 49 32 32
0537_0027_0020_0039_0039.jpg 1 27 20 39 39
0538_0036_0055_0034_0034.jpg 1 36 55 34 34
0539_0028_0004_0056_0056.jpg 1 28 4 56 56
0540_0007_0033_0058_0058.jpg 1 7 33 58 58
0541_0026_0005_0062_0062.jpg 1 26 5 62 62
0542_0008_0018_0069_0069.jpg 1 8 18 69 69
0543_0057_0036_0035_0035.jpg 1 57 36 35 35
0544_0004_0006_0055_0055.jpg 1 4 6 55 55
0545_0010_0027_0028_0028.jpg 1 10 27 28 28
0546_0047_0052_0033_0033.jpg 1 47 52 33 33
0547_0011_0041_0051_0051.jpg 1 11 41 51 51
0548_0013_0023_0065_0065.jpg 1 13 23 65 65
0549_0014_0043_0044_0044.jpg 1 14 43 44 44
0550_0047_0019_0041_0041.jpg 1 47 19 41 41
0551_0007_0016_0048_0048.jpg 1 7 16 48 48
0552_0023_0007_0067_0067.jpg 1 23 7 67 67
0553_0020_0027_0067_0067.jpg 1 20 27 67 67
0554_0056_0052_0032_0032.jpg 1 56 52 32 32
0555_0029_0013_0044_0044.jpg 1 29 13 44 44
0556_0012_0021_0060_0060.jpg 1 12 21 60 60
0557_0008_0008_0066_0066.jpg 1 8 8 66 66
0558_0015_0027_0035_0035.jpg 1 15 27 35 35
0559_0022_0017_0045_0045.jpg 1 22 17 45 45
0560_0018_0006_0064_0064.jpg 1 18 6 64 64
0561_0041_0028_0046_0046.jpg 1 41 28 46 46
0562_0031_0043_0043_0043.jpg 1 31 43 43 43
0563_0029_0058_0025_0025.jpg 1 29 58 25 25
0564_0022_0060_0031_0031.jpg 1 22 60 31 31
0565_0050_0057_0026_0026.jpg 1 50 57 26 26
0566_0047_0052_0026_0026.jpg 1 47 52 26 26
0567_0035_0042_0048_0048.jpg 1 35 42 48 48
0568_0060_0044_0026_0026.jpg 1 60 44 26 26
0569_0049_0040_0038_0038.jpg 1 49 40 38 38
0570_0018_0031_0031_0031.jpg 1 18 31 31 31
0571_0013_0022_0068_0068.jpg 1 13 22 68 68
0572_0028_0025_0042_0042.jpg 1 28 25 42 42
0573_0017_0024_0057_0057.jpg 1 17 24 57 57
0574_0013_0019_0028_0028.jpg 1 13 19 28 28
0575_0017_0009_0036_0036.jpg 1 17 9 36 36
0576_0036_0033_0052_0052.jpg 1 36 33 52 52
0577_0009_0024_0054_0054.jpg 1 9 24 54 54
0578_0054_0033_0036_0036.jpg 1 54 33 36 36
0579_0021_0031_0060_0060.jpg 1 21 31 60 60
0580_0041_0044_0050_0050.jpg 1 41 44 50 50
0581_0007_0018_0069_0069.jpg 1 7 18 69 69
0582_0042_0032_0042_0042.jpg 1 42 32 42 42
0583_0005_0011_0050_0050.jpg 1 5 11 50 50
0584_0034_0034_0046_0046.jpg 1 34 34 46 46
0585_0018_0028_0062_0062.jpg 1 18 28 62 62
0586_0047_0010_0031_0031.jpg 1 47 10 31 31
0587_0050_0021_0030_0030.jpg 1 50 21 30 30
0588_0010_0032_0049_0049.jpg 1 10 32 49 49
0589_0058_0015_0033_0033.jpg 1 58 15 33 33
0590_0005_0023_0052_0052.jpg 1 5 23 52 52
0591_0004_0033_0059_0059.jpg 1 4 33 59 59
0592_0031_0021_0056_0056.jpg 1 31 21 56 56
0593_0017_0029_0061_0061.jpg 1 17 29 61 61
0594_0023_0055_0034_0034.jpg 1 23 55 34 34
0595_0025_0025_0069_0069.jpg 1 25 25 69 69
0596_0038_0017_0045_0045.jpg 1 38 17 45 45
0597_0036_0028_0054_0054.jpg 1 36 28 54 54
0598_0046_0028_0042_0042.jpg 1 46 28 42 42
0599_0013_0013_0067_0067.jpg 1 13 13 67 67
0600_0018_0018_0068_0068.jpg 1 18 18 68 68
0601_0011_0035_0038_0038.jpg 1 11 35 38 38
0602_0029_0029_0031_0031.jpg 1 29 29 31 31
0603_0011_0009_0055_0055.jpg 1 11 9 55 55
0604_0005_0034_0051_0051.jpg 1 5 34 51 51
0605_0050_0047_0038_0038.jpg 1 50 47 38 38
0606_0022_0004_0061_0061.jpg 1 22 4 61 61
0607_0028_0032_0059_0059.jpg 1 28 32 59 59
0608_0025_0007_0065_0065.jpg 1 25 7 65 65
0609_0024_0015_0042_0042.jpg 1 24 15 42 42
0610_0036_0051_0036_0036.jpg 1 36 51 36 36
0611_0032_0008_0061_0061.jpg 1 32 8 61 61
0612_0014_0008_0060_0060.jpg 1 14 8 60 60
0613_0031_0020_0049_0049.jpg 1 31 20 49 49
0614_0024_0030_0045_0045.jpg 1 24 30 45 45
0615_0050_0007_0032_0032.jpg 1 50 7 32 32
0616_0013_0043_0036_0036.jpg 1 13 43 36 36
0617_0008_0030_0062_0062.jpg 1 8 30 62 62
0618_0016_0015_0051_0051.jpg 1 16 15 51 51
0619_0012_0008_0060_0060.jpg 1 12 8 60 60
0620_0025_0011_0063_0063.jpg 1 25 11 63 63
0621_0035_0035_0034_0034.jpg 1 35 35 34 34
0622_0037_0065_0026_0026.jpg 1 37 65 26 26
0623_0017_0024_0068_0068.jpg 1 17 24 68 68
0624_0027_0003_0068_0068.jpg 1 27 3 68 68
0625_0017_0011_0059_0059.jpg 1 17 11 59 59
0626_0008_0021_0037_0037.jpg 1 8 21 37 37
0627_0021_0029_0038_0038.jpg 1 21 29 38 38
0628_0023_0032_0046_0046.jpg 1 23 32 46 46
0629_0015_0055_0031_0031.jpg 1 15 55 31 31
0630_0017_0020_0068_0068.jpg 1 17 20 68 68
0631_0024_0025_0067_0067.jpg 1 24 25 67 67
0632_0045_0038_0025_0025.jpg 1 45 38 25 25
0633_0013_0038_0028_0028.jpg 1 13 38 28 28
0634_0032_0018_0062_0062.jpg 1 32 18 62 62
0635_0031_0045_0048_0048.jpg 1 31 45 48 48
0636_0054_0023_0035_0035.jpg 1 54 23 35 35
0637_0044_0021_0047_0047.jpg 1 44 21 47 47
0638_0014_0015_0059_0059.jpg 1 14 15 59 59
0639_0038_0010_0039_0039.jpg 1 38 10 39 39
0640_0044_0024_0026_0026.jpg 1 44 24 26 26
0641_0009_0013_0054_0054.jpg 1 9 13 54 54
0642_0007_0021_0049_0049.jpg 1 7 21 49 49
0643_0024_0011_0044_0044.jpg 1 24 11 44 44
0644_0016_0024_0064_0064.jpg 1 16 24 64 64
0645_0012_0053_0036_0036.jpg 1 12 53 36 36
0646_0009_0022_0058_0058.jpg 1 9 22 58 58
0647_0004_0019_0057_0057.jpg 1 4 19 57 57
0648_0029_0016_0026_0026.jpg 1 29 16 26 26
0649_0013_0020_0053_0053.jpg 1 13 20 53 53
0650_0010_0024_0043_0043.jpg 1 10 24 43 43
0651_0033_0012_0039_0039.jpg 1 33 12 39 39
0652_0040_0030_0052_0052.jpg 1 40 30 52 52
0653_0039_0024_0055_0055.jpg 1 39 24 55 55
0654_0050_0016_0036_0036.jpg 1 50 16 36 36
0655_0014_0030_0051_0051.jpg 1 14 30 51 51
0656_0019_0025_0057_0057.jpg 1 19 25 57 57
0657_0018_0013_0031_0031.jpg 1 18 13 31 31
0658_0012_0037_0036_0036.jpg 1 12 37 36 36
0659_0049_0015_0029_0029.jpg 1 49 15 29 29
0660_0022_0025_0044_0044.jpg 1 22 25 44 44
0661_0049_0023_0024_0024.jpg 1 49 23 24 24
0662_0019_0025_0051_0051.jpg 1 19 25 51 51
0663_0007_0007_0057_0057.jpg 1 7 7 57 57
0664_0054_0026_0029_0029.jpg 1 54 26 29 29
0665_0030_0027_0034_0034.jpg 1 30 27 34 34
0666_0025_0021_0041_0041.jpg 1 25 21 41 41
0667_0016_0022_0053_0053.jpg 1 16 22 53 53
0668_0017_0021_0043_0043.jpg 1 17 21 43 43
0669_0021_0007_0058_0058.jpg 1 21 7 58 58
0670_0027_0006_0043_0043.jpg 1 27 6 43 43
0671_0023_0010_0037_0037.jpg 1 23 10 37 37
0672_0030_0013_0040_0040.jpg 1 30 13 40 40
0673_0011_0039_0040_0040.jpg 1 11 39 40 40
0674_0030_0042_0034_0034.jpg 1 30 42 34 34
0675_0021_0013_0038_0038.jpg 1 21 13 38 38
0676_0010_0027_0031_0031.jpg 1 10 27 31 31
0677_0031_0010_0041_0041.jpg 1 31 10 41 41
0678_0005_0008_0064_0064.jpg 1 5 8 64 64
0679_0034_0025_0052_0052.jpg 1 34 25 52 52
0680_0021_0039_0056_0056.jpg 1 21 39 56 56
0681_0017_0018_0063_0063.jpg 1 17 18 63 63
0682_0039_0021_0045_0045.jpg 1 39 21 45 45
0683_0019_0005_0066_0066.jpg 1 19 5 66 66
0684_0006_0014_0067_0067.jpg 1 6 14 67 67
0685_0019_0038_0043_0043.jpg 1 19 38 43 43
0686_0010_0031_0029_0029.jpg 1 10 31 29 29
0687_0039_0041_0052_0052.jpg 1 39 41 52 52
0688_0014_0027_0061_0061.jpg 1 14 27 61 61
0689_0037_0011_0052_0052.jpg 1 37 11 52 52
0690_0043_0029_0044_0044.jpg 1 43 29 44 44
0691_0053_0063_0025_0025.jpg 1 53 63 25 25
0692_0008_0012_0055_0055.jpg 1 8 12 55 55
0693_0022_0024_0067_0067.jpg 1 22 24 67 67
0694_0016_0013_0059_0059.jpg 1 16 13 59 59
0695_0012_0018_0058_0058.jpg 1 12 18 58 58
0696_0038_0048_0041_0041.jpg 1 38 48 41 41
0697_0019_0024_0045_0045.jpg 1 19 24 45 45
0698_0047_0039_0031_0031.jpg 1 47 39 31 31
0699_0045_0014_0038_0038.jpg 1 45 14 38 38
0700_0044_0044_0047_0047.jpg 1 44 44 47 47
0701_0025_0009_0055_0055.jpg 1 25 9 55 55
0702_0012_0014_0069_0069.jpg 1 12 14 69 69
0703_0008_0020_0066_0066.jpg 1 8 20 66 66
0704_0041_0038_0039_0039.jpg 1 41 38 39 39
0705_0045_0037_0049_0049.jpg 1 45 37 49 49
0706_0009_0017_0052_0052.jpg 1 9 17 52 52
0707_0048_0035_0034_0034.jpg 1 48 35 34 34
0708_0035_0020_0053_0053.jpg 1 35 20 53 53
0709_0039_0054_0036_0036.jpg 1 39 54 36 36
0710_0028_0028_0047_0047.jpg 1 28 28 47 47
0711_0026_0018_0069_0069.jpg 1 26 18 69 69
0712_0009_0011_0063_0063.jpg 1 9 11 63 63
0713_0018_0006_0056_0056.jpg 1 18 6 56 56
0714_0007_0018_0067_0067.jpg 1 7 18 67 67
0715_0021_0012_0027_0027.jpg 1 21 12 27 27
0716_0007_0009_0049_0049.jpg 1 7 9 49 49
0717_0032_0022_0058_0058.jpg 1 32 22 58 58
0718_0013_0023_0063_0063.jpg 1 13 23 63 63
0719_0003_0025_0066_0066.jpg 1 3 25 66 66
0720_0016_0007_0067_0067.jpg 1 16 7 67 67
0721_0024_0016_0066_0066.jpg 1 24 16 66 66
0722_0007_0008_0054_0054.jpg 1 7 8 54 54
0723_0020_0009_0048_0048.jpg 1 20 9 48 48
0724_0035_0006_0052_0052.jpg 1 35 6 52 52
0725_0040_0056_0036_0036.jpg 1 40 56 36 36
0726_0037_0038_0029_0029.jpg 1 37 38 29 29
0727_0016_0018_0027_0027.jpg 1 16 18 27 27
0728_0027_0035_0028_0028.jpg 1 27 35 28 28
0729_0053_0049_0040_0040.jpg 1 53 49 40 40
0730_0009_0004_0058_0058.jpg 1 9 4 58 58
0731_0044_0029_0049_0049.jpg 1 44 29 49 49
0732_0041_0027_0038_0038.jpg 1 41 27 38 38
0733_0046_0051_0042_0042.jpg 1 46 51 42 42
0734_0023_0029_0066_0066.jpg 1 23 29 66 66
0735_0047_0010_0042_0042.jpg 1 47 10 42 42
0736_0011_0015_0055_0055.jpg 1 11 15 55 55
0737_0007_0018_0048_0048.jpg 1 7 18 48 48
0738_0006_0041_0047_0047.jpg 1 6 41 47 47
0739_0024_0003_0067_0067.jpg 1 24 3 67 67
0740_0037_0014_0051_0051.jpg 1 37 14 51 51
0741_0021_0024_0066_0066.jpg 1 21 24 66 66
0742_0012_0020_0064_0064.jpg 1 12 20 64 64
0743_0020_0009_0039_0039.jpg 1 20 9 39 39
0744_0040_0019_0029_0029.jpg 1 40 19 29 29
0745_0026_0056_0032_0032.jpg 1 26 56 32 32
0746_0018_0033_0048_0048.jpg 1 18 33 48 48
0747_0040_0017_0049_0049.jpg 1 40 17 49 49
0748_0003_0017_0064_0064.jpg 1 3 17 64 64
0749_0024_0020_0051_0051.jpg 1 24 20 51 51
0750_0024_0025_0051_0051.jpg 1 24 25 51 51
0751_0012_0028_0040_0040.jpg 1 12 28 40 40
0752_0057_0031_0033_0033.jpg 1 57 31 33 33
0753_0024_0032_0058_0058.jpg 1 24 32 58 58
0754_0010_0032_0045_0045.jpg 1 10 32 45 45
0755_0025_0005_0062_0062.jpg 1 25 5 62 62
0756_0038_0038_0045_0045.jpg 1 38 38 45 45
0757_0010_0024_0069_0069.jpg 1 10 24 69 69
0758_0019_0027_0032_0032.jpg 1 19 27 32 32
0759_0048_0048_0027_0027.jpg 1 48 48 27 27
0760_0017_0008_0061_0061.jpg 1 17 8 61 61
0761_0005_0023_0064_0064.jpg 1 5 23 64 64
0762_0020_0004_0058_0058.jpg 1 20 4 58 58
0763_0006_0011_0058_0058.jpg 1 6 11 58 58
0764_0028_0026_0044_0044.jpg 1 28 26 44 44
0765_0017_0033_0052_0052.jpg 1 17 33 52 52
0766_0025_0042_0047_0047.jpg 1 25 42 47 47
0767_0044_0035_0040_0040.jpg 1 44 35 40 40
0768_0017_0007_0032_0032.jpg 1 17 7 32 32
0769_0018_0007_0034_0034.jpg 1 18 7 34 34
0770_0014_0036_0027_0027.jpg 1 14 36 27 27
0771_0040_0031_0024_0024.jpg 1 40 31 24 24
0772_0014_0018_0047_0047.jpg 1 14 18 47 47
0773_0014_0023_0067_0067.jpg 1 14 23 67 67
0774_0005_0010_0057_0057.jpg 1 5 10 57 57
0775_0016_0006_0049_0049.jpg 1 16 6 49 49
0776_0004_0005_0056_0056.jpg 1 4 5 56 56
0777_0011_0020_0044_0044.jpg 1 11 20 44 44
0778_0004_0012_0063_0063.jpg 1 4 12 63 63
0779_0027_0018_0069_0069.jpg 1 27 18 69 69
0780_0022_0007_0053_0053.jpg 1 22 7 53 53
0781_0014_0033_0049_0049.jpg 1 14 33 49 49
0782_0021_0013_0029_0029.jpg 1 21 13 29 29
0783_0017_0010_0062_0062.jpg 1 17 10 62 62
0784_0050_0017_0029_0029.jpg 1 50 17 29 29
0785_0008_0017_0056_0056.jpg 1 8 17 56 56
0786_0031_0013_0055_0055.jpg 1 31 13 55 55
0787_0005_0014_0064_0064.jpg 1 5 14 64 64
0788_0046_0038_0044_0044.jpg 1 46 38 44 44
0789_0013_0017_0061_0061.jpg 1 13 17 61 61
0790_0004_0033_0054_0054.jpg 1 4 33 54 54
0791_0023_0039_0054_0054.jpg 1 23 39 54 54
0792_0022_0027_0061_0061.jpg 1 22 27 61 61
0793_0037_0029_0034_0034.jpg 1 37 29 34 34
0794_0037_0056_0025_0025.jpg 1 37 56 25 25
0795_0008_0012_0060_0060.jpg 1 8 12 60 60
0796_0026_0008_0058_0058.jpg 1 26 8 58 58
0797_0011_0030_0060_0060.jpg 1 11 30 60 60
0798_0019_0042_0051_0051.jpg 1 19 42 51 51
0799_0012_0015_0069_0069.jpg 1 12 15 69 69
0800_0053_0011_0035_0035.jpg 1 53 11 35 35
0801_0009_0039_0031_0031.jpg 1 9 39 31 31
0802_0010_0041_0051_0051.jpg 1 10 41 51 51
0803_0059_0030_0028_0028.jpg 1 59 30 28 28
0804_0024_0008_0050_0050.jpg 1 24 8 50 50
0805_0034_0009_0040_0040.jpg 1 34 9 40 40
0806_0019_0015_0054_0054.jpg 1 19 15 54 54
0807_0050_0027_0039_0039.jpg 1 50 27 39 39
0808_0030_0032_0025_0025.jpg 1 30 32 25 25
0809_0033_0027_0032_0032.jpg 1 33 27 32 32
0810_0012_0015_0053_0053.jpg 1 12 15 53 53
0811_0053_0042_0037_0037.jpg 1 53 42 37 37
0812_0024_0020_0063_0063.jpg 1 24 20 63 63
0813_0026_0020_0058_0058.jpg 1 26 20 58 58
0814_0053_0017_0026_0026.jpg 1 53 17 26 26
0815_0016_0038_0047_0047.jpg 1 16 38 47 47
0816_0039_0008_0046_0046.jpg 1 39 8 46 46
0817_0018_0018_0063_0063.jpg 1 18 18 63 63
0818_0005_0013_0064_0064.jpg 1 5 13 64 64
0819_0034_0014_0043_0043.jpg 1 34 14 43 43
0820_0027_0027_0058_0058.jpg 1 27 27 58 58
0821_0015_0011_0057_0057.jpg 1 15 11 57 57
0822_0007_0007_0063_0063.jpg 1 7 7 63 63
0823_0036_0017_0048_0048.jpg 1 36 17 48 48
0824_0050_0021_0043_0043.jpg 1 50 21 43 43
0825_0024_0036_0049_0049.jpg 1 24 36 49 49
0826_0013_0049_0028_0028.jpg 1 13 49 28 28
0827_0018_0018_0046_0046.jpg 1 18 18 46 46
0828_0061_0037_0028_0028.jpg 1 61 37 28 28
0829_0012_0009_0032_0032.jpg 1 12 9 32 32
0830_0026_0027_0037_0037.jpg 1 26 27 37 37
0831_0031_0027_0048_0048.jpg 1 31 27 48 48
0832_0008_0021_0036_0036.jpg 1 8 21 36 36
0833_0012_0046_0025_0025.jpg 1 12 46 25 25
0834_0017_0053_0034_0034.jpg 1 17 53 34 34
0835_0006_0008_0068_0068.jpg 1 6 8 68 68
0836_0031_0029_0046_0046.jpg 1 31 29 46 46
0837_0024_0052_0030_0030.jpg 1 24 52 30 30
0838_0013_0015_0024_0024.jpg 1 13 15 24 24
0839_0013_0051_0031_0031.jpg 1 13 51 31 31
0840_0036_0007_0035_0035.jpg 1 36 7 35 35
0841_0016_0019_0069_0069.jpg 1 16 19 69 69
0842_0043_0016_0043_0043.jpg 1 43 16 43 43
0843_0040_0030_0039_0039.jpg 1 40 30 39 39
0844_0038_0049_0041_0041.jpg 1 38 49 41 41
0845_0018_0022_0066_0066.jpg 1 18 22 66 66
0846_0046_0034_0030_0030.jpg 1 46 34 30 30
0847_0025_0023_0051_0051.jpg 1 25 23 51 51
0848_0010_0016_0067_0067.jpg 1 10 16 67 67
0849_0013_0035_0029_0029.jpg 1 13 35 29 29
0850_0025_0021_0049_0049.jpg 1 25 21 49 49
0851_0027_0029_0058_0058.jpg 1 27 29 58 58
0852_0009_0018_0039_0039.jpg 1 9 18 39 39
0853_0023_0031_0052_0052.jpg 1 23 31 52 52
0854_0031_0060_0032_0032.jpg 1 31 60 32 32
0855_0026_0024_0064_0064.jpg 1 26 24 64 64
0856_0019_0013_0069_0069.jpg 1 19 13 69 69
0857_0015_0007_0067_0067.jpg 1 15 7 67 67
0858_0020_0043_0039_0039.jpg 1 20 43 39 39
0859_0025_0036_0056_0056.jpg 1 25 36 56 56
0860_0013_0026_0044_0044.jpg 1 13 26 44 44
0861_0019_0023_0036_0036.jpg 1 19 23 36 36
0862_0031_0032_0059_0059.jpg 1 31 32 59 59
0863_0032_0011_0040_0040.jpg 1 32 11 40 40
0864_0007_0036_0050_0050.jpg 1 7 36 50 50
0865_0024_0019_0025_0025.jpg 1 24 19 25 25
0866_0037_0054_0025_0025.jpg 1 37 54 25 25
0867_0005_0018_0058_0058.jpg 1 5 18 58 58
0868_0022_0044_0033_0033.jpg 1 22 44 33 33
0869_0009_0041_0035_0035.jpg 1 9 41 35 35
0870_0037_0012_0051_0051.jpg 1 37 12 51 51
0871_0031_0008_0026_0026.jpg 1 31 8 26 26
0872_0018_0047_0030_0030.jpg 1 18 47 30 30
0873_0040_0014_0027_0027.jpg 1 40 14 27 27
0874_0057_0050_0034_0034.jpg 1 57 50 34 34
0875_0030_0044_0029_0029.jpg 1 30 44 29 29
0876_0005_0014_0050_0050.jpg 1 5 14 50 50
0877_0017_0010_0060_0060.jpg 1 17 10 60 60
0878_0045_0014_0030_0030.jpg 1 45 14 30 30
0879_0010_0051_0028_0028.jpg 1 10 51 28 28
0880_0017_0027_0029_0029.jpg 1 17 27 29 29
0881_0007_0019_0065_0065.jpg 1 7 19 65 65
0882_0051_0017_0031_0031.jpg 1 51 17 31 31
0883_0014_0043_0048_0048.jpg 1 14 43 48 48
0884_0028_0039_0034_0034.jpg 1 28 39 34 34
0885_0039_0057_0024_0024.jpg 1 39 57 24 24
0886_0049_0018_0027_0027.jpg 1 49 18 27 27
0887_0042_0064_0024_0024.jpg 1 42 64 24 24
0888_0025_0037_0027_0027.jpg 1 25 37 27 27
0889_0006_0029_0040_0040.jpg 1 6 29 40 40
0890_0018_0004_0064_0064.jpg 1 18 4 64 64
0891_0032_0024_0045_0045.jpg 1 32 24 45 45
0892_0038_0036_0051_0051.jpg 1 38 36 51 51
0893_0032_0037_0043_0043.jpg 1 32 37 43 43
0894_0018_0016_0056_0056.jpg 1 18 16 56 56
0895_0034_0037_0030_0030.jpg 1 34 37 30 30
0896_0022_0020_0061_0061.jpg 1 22 20 61 61
0897_0034_0012_0029_0029.jpg 1 34 12 29 29
0898_0058_0009_0030_0030.jpg 1 58 9 30 30
0899_0042_0034_0046_0046.jpg 1 42 34 46 46
0900_0015_0014_0048_0048.jpg 1 15 14 48 48
0901_0026_0008_0059_0059.jpg 1 26 8 59 59
0902_0018_0039_0056_0056.jpg 1 18 39 56 56
0903_0026_0039_0036_0036.jpg 1 26 39 36 36
0904_0044_0022_0028_0028.jpg 1 44 22 28 28
0905_0031_0024_0060_0060.jpg 1 31 24 60 60
0906_0013_0004_0061_0061.jpg 1 13 4 61 61
0907_0015_0027_0069_0069.jpg 1 15 27 69 69
0908_0033_0021_0043_0043.jpg 1 33 21 43 43
0909_0015_0027_0030_0030.jpg 1 15 27 30 30
0910_0022_0014_0065_0065.jpg 1 22 14 65 65
0911_0015_0026_0067_0067.jpg 1 15 26 67 67
0912_0014_0011_0040_0040.jpg 1 14 11 40 40
0913_0029_0014_0057_0057.jpg 1 29 14 57 57
0914_0027_0004_0063_0063.jpg 1 27 4 63 63
0915_0016_0057_0031_0031.jpg 1 16 57 31 31
0916_0035_0007_0049_0049.jpg 1 35 7 49 49
0917_0030_0016_0037_0037.jpg 1 30 16 37 37
0918_0021_0014_0063_0063.jpg 1 21 14 63 63
0919_0011_0010_0044_0044.jpg 1 11 10 44 44
0920_0013_0045_0040_0040.jpg 1 13 45 40 40
0921_0042_0012_0038_0038.jpg 1 42 12 38 38
0922_0057_0013_0031_0031.jpg 1 57 13 31 31
0923_0030_0006_0065_0065.jpg 1 30 6 65 65
0924_0036_0025_0038_0038.jpg 1 36 25 38 38
0925_0027_0033_0049_0049.jpg 1 27 33 49 49
0926_0004_0010_0068_0068.jpg 1 4 10 68 68
0927_0024_0023_0066_0066.jpg 1 24 23 66 66
0928_0031_0026_0063_0063.jpg 1 31 26 63 63
0929_0019_0008_0063_0063.jpg 1 19 8 63 63
0930_0015_0043_0030_0030.jpg 1 15 43 30 30
0931_0017_0021_0056_0056.jpg 1 17 21 56 56
0932_0051_0043_0035_0035.jpg 1 51 43 35 35
0933_0014_0004_0064_0064.jpg 1 14 4 64 64
0934_0020_0019_0035_0035.jpg 1 20 19 35 35
0935_0011_0007_0064_0064.jpg 1 11 7 64 64
0936_0008_0039_0053_0053.jpg 1 8 39 53 53
0937_0011_0029_0044_0044.jpg 1 11 29 44 44
0938_0023_0038_0050_0050.jpg 1 23 38 50 50
0939_0011_0023_0044_0044.jpg 1 11 23 44 44
0940_0029_0021_0055_0055.jpg 1 29 21 55 55
0941_0010_0013_0069_0069.jpg 1 10 13 69 69
0942_0023_0026_0060_0060.jpg 1 23 26 60 60
0943_0047_0018_0045_0045.jpg 1 47 18 45 45
0944_0041_0043_0044_0044.jpg 1 41 43 44 44
0945_0023_0040_0030_0030.jpg 1 23 40 30 30
0946_0031_0033_0057_0057.jpg 1 31 33 57 57
0947_0038_0023_0057_0057.jpg 1 38 23 57 57
0948_0019_0023_0038_0038.jpg 1 19 23 38 38
0949_0015_0031_0040_0040.jpg 1 15 31 40 40
0950_0021_0053_0039_0039.jpg 1 21 53 39 39
0951_0037_0023_0027_0027.jpg 1 37 23 27 27
0952_0020_0004_0063_0063.jpg 1 20 4 63 63
0953_0005_0008_0067_0067.jpg 1 5 8 67 67
0954_0035_0012_0036_0036.jpg 1 35 12 36 36
0955_0034_0039_0039_0039.jpg 1 34 39 39 39
0956_0026_0010_0046_0046.jpg 1 26 10 46 46
0957_0037_0040_0035_0035.jpg 1 37 40 35 35
0958_0006_0028_0049_0049.jpg 1 6 28 49 49
0959_0043_0026_0045_0045.jpg 1 43 26 45 45
0960_0045_0015_0046_0046.jpg 1 45 15 46 46
0961_0024_0026_0058_0058.jpg 1 24 26 58 58
0962_0018_0023_0068_0068.jpg 1 18 23 68 68
0963_0013_0009_0041_0041.jpg 1 13 9 41 41
0964_0039_0011_0031_0031.jpg 1 39 11 31 31
0965_0029_0008_0046_0046.jpg 1 29 8 46 46
0966_0027_0016_0049_0049.jpg 1 27 16 49 49
0967_0021_0018_0061_0061.jpg 1 21 18 61 61
0968_0038_0014_0050_0050.jpg 1 38 14 50 50
0969_0030_0033_0048_0048.jpg 1 30 33 48 48
0970_0021_0023_0065_0065.jpg 1 21 23 65 65
0971_0018_0024_0035_0035.jpg 1 18 24 35 35
0972_0026_0046_0042_0042.jpg 1 26 46 42 42
0973_0030_0019_0055_0055.jpg 1 30 19 55 55
0974_0049_0040_0024_0024.jpg 1 49 40 24 24
0975_0017_0022_0032_0032.jpg 1 17 22 32 32
0976_0024_0006_0042_0042.jpg 1 24 6 42 42
0977_0022_0021_0062_0062.jpg 1 22 21 62 62
0978_0032_0023_0057_0057.jpg 1 32 23 57 57
0979_0029_0037_0050_0050.jpg 1 29 37 50 50
0980_0030_0055_0028_0028.jpg 1 30 55 28 28
0981_0044_0051_0026_0026.jpg 1 44 51 26 26
0982_0012_0052_0035_0035.jpg 1 12 52 35 35
0983_0039_0005_0054_0054.jpg 1 39 5 54 54
0984_0029_0041_0052_0052.jpg 1 29 41 52 52
0985_0024_0023_0060_0060.jpg 1 24 23 60 60
0986_0031_0022_0058_0058.jpg 1 31 22 58 58
0987_0057_0042_0035_0035.jpg 1 57 42 35 35
0988_0059_0058_0030_0030.jpg 1 59 58 30 30
0989_0012_0017_0065_0065.jpg 1 12 17 65 65
0990_0030_0010_0052_0052.jpg 1 30 10 52 52
0991_0010_0048_0041_0041.jpg 1 10 48 41 41
0992_0015_0022_0069_0069.jpg 1 15 22 69 69
0993_0037_0034_0036_0036.jpg 1 37 34 36 36
0994_0032_0021_0053_0053.jpg 1 32 21 53 53
0995_0047_0018_0032_0032.jpg 1 47 18 32 32
0996_0030_0039_0045_0045.jpg 1 30 39 45 45
0997_0043_0036_0030_0030.jpg 1 43 36 30 30
0998_0004_0008_0069_0069.jpg 1 4 8 69 69
0999_0029_0022_0024_0024.jpg 1 29 22 24 24
1000_0021_0026_0067_0067.jpg 1 21 26 67 67
1001_0007_0028_0036_0036.jpg 1 7 28 36 36
1002_0027_0031_0035_0035.jpg 1 27 31 35 35
1003_0018_0039_0027_0027.jpg 1 18 39 27 27
1004_0022_0015_0045_0045.jpg 1 22 15 45 45
1005_0023_0012_0045_0045.jpg 1 23 12 45 45
1006_0015_0026_0054_0054.jpg 1 15 26 54 54
1007_0009_0005_0062_0062.jpg 1 9 5 62 62
1008_0031_0008_0040_0040.jpg 1 31 8 40 40
1009_0029_0037_0051_0051.jpg 1 29 37 51 51
1010_0068_0055_0024_0024.jpg 1 68 55 24 24
1011_0020_0032_0047_0047.jpg 1 20 32 47 47
1012_0040_0022_0039_0039.jpg 1 40 22 39 39
1013_0031_0014_0056_0056.jpg 1 31 14 56 56
1014_0048_0046_0036_0036.jpg 1 48 46 36 36
1015_0018_0027_0068_0068.jpg 1 18 27 68 68
1016_0028_0022_0068_0068.jpg 1 28 22 68 68
1017_0024_0042_0034_0034.jpg 1 24 42 34 34
1018_0041_0040_0034_0034.jpg 1 41 40 34 34
1019_0024_0019_0046_0046.jpg 1 24 19 46 46
1020_0014_0046_0047_0047.jpg 1 14 46 47 47
1021_0022_0008_0055_0055.jpg 1 22 8 55 55
1022_0027_0047_0031_0031.jpg 1 27 47 31 31
1023_0012_0029_0025_0025.jpg 1 12 29 25 25
1024_0024_0008_0052_0052.jpg 1 24 8 52 52
1025_0037_0031_0045_0045.jpg 1 37 31 45 45
1026_0052_0019_0036_0036.jpg 1 52 19 36 36
1027_0042_0013_0051_0051.jpg 1 42 13 51 51
1028_0025_0013_0060_0060.jpg 1 25 13 60 60
1029_0011_0031_0061_0061.jpg 1 11 31 61 61
1030_0015_0012_0058_0058.jpg 1 15 12 58 58
1031_0028_0016_0033_0033.jpg 1 28 16 33 33
1032_0015_0037_0038_0038.jpg 1 15 37 38 38
1033_0037_0057_0034_0034.jpg 1 37 57 34 34
1034_0011_0012_0044_0044.jpg 1 11 12 44 44
1035_0030_0011_0065_0065.jpg 1 30 11 65 65
1036_0025_0045_0045_0045.jpg 1 25 45 45 45
1037_0031_0007_0048_0048.jpg 1 31 7 48 48
1038_0022_0009_0038_0038.jpg 1 22 9 38 38
1039_0005_0017_0057_0057.jpg 1 5 17 57 57
1040_0032_0015_0055_0055.jpg 1 32 15 55 55
1041_0023_0009_0053_0053.jpg 1 23 9 53 53
1042_0047_0013_0036_0036.jpg 1 47 13 36 36
1043_0025_0020_0062_0062.jpg 1 25 20 62 62
1044_0017_0036_0055_0055.jpg 1 17 36 55 55
1045_0024_0037_0025_0025.jpg 1 24 37 25 25
1046_0033_0013_0056_0056.jpg 1 33 13 56 56
1047_0027_0018_0044_0044.jpg 1 27 18 44 44
1048_0010_0034_0026_0026.jpg 1 10 34 26 26
1049_0020_0009_0059_0059.jpg 1 20 9 59 59
1050_0030_0018_0061_0061.jpg 1 30 18 61 61
1051_0062_0049_0024_0024.jpg 1 62 49 24 24
1052_0018_0018_0045_0045.jpg 1 18 18 45 45
1053_0011_0015_0048_0048.jpg 1 11 15 48 48
1054_0018_0011_0048_0048.jpg 1 18 11 48 48
1055_0031_0045_0035_0035.jpg 1 31 45 35 35
1056_0014_0008_0067_0067.jpg 1 14 8 67 67
1057_0046_0046_0046_0046.jpg 1 46 46 46 46
1058_0031_0019_0054_0054.jpg 1 31 19 54 54
1059_0025_0029_0044_0044.jpg 1 25 29 44 44
1060_0029_0035_0029_0029.jpg 1 29 35 29 29
1061_0049_0063_0028_0028.jpg 1 49 63 28 28
1062_0033_0049_0029_0029.jpg 1 33 49 29 29
1063_0029_0014_0046_0046.jpg 1 29 14 46 46
1064_0016_0015_0039_0039.jpg 1 16 15 39 39
1065_0037_0016_0043_0043.jpg 1 37 16 43 43
1066_0015_0055_0029_0029.jpg 1 15 55 29 29
1067_0046_0052_0024_0024.jpg 1 46 52 24 24
1068_0027_0021_0038_0038.jpg 1 27 21 38 38
1069_0032_0055_0030_0030.jpg 1 32 55 30 30
1070_0011_0016_0068_0068.jpg 1 11 16 68 68
1071_0027_0011_0066_0066.jpg 1 27 11 66 66
1072_0013_0032_0063_0063.jpg 1 13 32 63 63
1073_0020_0022_0042_0042.jpg 1 20 22 42 42
1074_0009_0020_0044_0044.jpg 1 9 20 44 44
1075_0026_0039_0044_0044.jpg 1 26 39 44 44
1076_0035_0008_0051_0051.jpg 1 35 8 51 51
1077_0017_0014_0039_0039.jpg 1 17 14 39 39
1078_0021_0006_0050_0050.jpg 1 21 6 50 50
1079_0039_0013_0035_0035.jpg 1 39 13 35 35
1080_0027_0004_0060_0060.jpg 1 27 4 60 60
1081_0031_0025_0038_0038.jpg 1 31 25 38 38
1082_0007_0016_0064_0064.jpg 1 7 16 64 64
1083_0037_0034_0036_0036.jpg 1 37 34 36 36
1084_0015_0036_0059_0059.jpg 1 15 36 59 59
1085_0056_0053_0032_0032.jpg 1 56 53 32 32
1086_0028_0037_0044_0044.jpg 1 28 37 44 44
1087_0017_0029_0027_0027.jpg 1 17 29 27 27
1088_0011_0013_0041_0041.jpg 1 11 13 41 41
1089_0013_0025_0061_0061.jpg 1 13 25 61 61
1090_0060_0012_0028_0028.jpg 1 60 12 28 28
1091_0012_0026_0052_0052.jpg 1 12 26 52 52
1092_0012_0020_0068_0068.jpg 1 12 20 68 68
1093_0035_0005_0053_0053.jpg 1 35 5 53 53
1094_0013_0037_0035_0035.jpg 1 13 37 35 35
1095_0052_0021_0040_0040.jpg 1 52 21 40 40
1096_0057_0026_0034_0034.jpg 1 57 26 34 34
1097_0013_0030_0045_0045.jpg 1 13 30 45 45
1098_0016_0042_0024_0024.jpg 1 16 42 24 24
1099_0008_0027_0037_0037.jpg 1 8 27 37 37
1100_0036_0024_0048_0048.jpg 1 36 24 48 48
1101_0041_0043_0049_0049.jpg 1 41 43 49 49
1102_0009_0020_0026_0026.jpg 1 9 20 26 26
1103_0008_0023_0049_0049.jpg 1 8 23 49 49
1104_0010_0034_0061_0061.jpg 1 10 34 61 61
1105_0026_0014_0034_0034.jpg 1 26 14 34 34
1106_0034_0029_0049_0049.jpg 1 34 29 49 49
1107_0026_0017_0036_0036.jpg 1 26 17 36 36
1108_0044_0016_0047_0047.jpg 1 44 16 47 47
1109_0025_0044_0026_0026.jpg 1 25 44 26 26
1110_0012_0020_0065_0065.jpg 1 12 20 65 65
1111_0014_0027_0026_0026.jpg 1 14 27 26 26
1112_0024_0047_0037_0037.jpg 1 24 47 37 37
1113_0009_0028_0029_0029.jpg 1 9 28 29 29
1114_0009_0064_0027_0027.jpg 1 9 64 27 27
1115_0015_0021_0058_0058.jpg 1 15 21 58 58
1116_0012_0030_0050_0050.jpg 1 12 30 50 50
1117_0025_0018_0051_0051.jpg 1 25 18 51 51
1118_0034_0010_0034_0034.jpg 1 34 10 34 34
1119_0010_0018_0036_0036.jpg 1 10 18 36 36
1120_0055_0060_0029_0029.jpg 1 55 60 29 29
1121_0057_0017_0033_0033.jpg 1 57 17 33 33
1122_0039_0007_0030_0030.jpg 1 39 7 30 30
1123_0006_0021_0067_0067.jpg 1 6 21 67 67
1124_0029_0044_0047_0047.jpg 1 29 44 47 47
1125_0014_0005_0060_0060.jpg 1 14 5 60 60
1126_0031_0044_0037_0037.jpg 1 31 44 37 37
1127_0045_0038_0045_0045.jpg 1 45 38 45 45
1128_0020_0023_0066_0066.jpg 1 20 23 66 66
1129_0012_0020_0055_0055.jpg 1 12 20 55 55
1130_0035_0011_0060_0060.jpg 1 35 11 60 60
1131_0019_0025_0066_0066.jpg 1 19 25 66 66
1132_0016_0021_0029_0029.jpg 1 16 21 29 29
1133_0024_0041_0049_0049.jpg 1 24 41 49 49
1134_0015_0019_0065_0065.jpg 1 15 19 65 65
1135_0028_0025_0066_0066.jpg 1 28 25 66 66
1136_0023_0013_0063_0063.jpg 1 23 13 63 63
1137_0040_0033_0034_0034.jpg 1 40 33 34 34
1138_0013_0031_0061_0061.jpg 1 13 31 61 61
1139_0051_0026_0034_0034.jpg 1 51 26 34 34
1140_0022_0019_0029_0029.jpg 1 22 19 29 29
1141_0009_0020_0063_0063.jpg 1 9 20 63 63
1142_0012_0032_0038_0038.jpg 1 12 32 38 38
1143_0010_0043_0049_0049.jpg 1 10 43 49 49
1144_0018_0022_0035_0035.jpg 1 18 22 35 35
1145_0019_0036_0026_0026.jpg 1 19 36 26 26
1146_0009_0035_0034_0034.jpg 1 9 35 34 34
1147_0016_0024_0041_0041.jpg 1 16 24 41 41
1148_0008_0031_0045_0045.jpg 1 8 31 45 45
1149_0011_0008_0039_0039.jpg 1 11 8 39 39
1150_0019_0029_0057_0057.jpg 1 19 29 57 57
1151_0018_0022_0029_0029.jpg 1 18 22 29 29
1152_0015_0016_0061_0061.jpg 1 15 16 61 61
1153_0021_0014_0034_0034.jpg 1 21 14 34 34
1154_0032_0042_0047_0047.jpg 1 32 42 47 47
1155_0038_0005_0045_0045.jpg 1 38 5 45 45
1156_0032_0025_0064_0064.jpg 1 32 25 64 64
1157_0018_0041_0035_0035.jpg 1 18 41 35 35
1158_0008_0038_0055_0055.jpg 1 8 38 55 55
1159_0024_0006_0065_0065.jpg 1 24 6 65 65
1160_0043_0038_0031_0031.jpg 1 43 38 31 31
1161_0011_0057_0029_0029.jpg 1 11 57 29 29
1162_0050_0048_0035_0035.jpg 1 50 48 35 35
1163_0040_0030_0054_0054.jpg 1 40 30 54 54
1164_0013_0004_0063_0063.jpg 1 13 4 63 63
1165_0015_0028_0036_0036.jpg 1 15 28 36 36
1166_0026_0028_0061_0061.jpg 1 26 28 61 61
1167_0010_0008_0063_0063.jpg 1 10 8 63 63
1168_0043_0026_0030_0030.jpg 1 43 26 30 30
1169_0040_0022_0035_0035.jpg 1 40 22 35 35
1170_0050_0039_0039_0039.jpg 1 50 39 39 39
1171_0010_0021_0058_0058.jpg 1 10 21 58 58
1172_0035_0033_0046_0046.jpg 1 35 33 46 46
1173_0032_0033_0040_0040.jpg 1 32 33 40 40
1174_0031_0033_0057_0057.jpg 1 31 33 57 57
1175_0008_0028_0060_0060.jpg 1 8 28 60 60
1176_0026_0042_0052_0052.jpg 1 26 42 52 52
1177_0007_0053_0030_0030.jpg 1 7 53 30 30
1178_0009_0022_0064_0064.jpg 1 9 22 64 64
1179_0043_0039_0046_0046.jpg 1 43 39 46 46
1180_0023_0050_0041_0041.jpg 1 23 50 41 41
1181_0037_0036_0044_0044.jpg 1 37 36 44 44
1182_0025_0028_0055_0055.jpg 1 25 28 55 55
1183_0007_0012_0055_0055.jpg 1 7 12 55 55
1184_0029_0043_0042_0042.jpg 1 29 43 42 42
1185_0022_0004_0065_0065.jpg 1 22 4 65 65
1186_0017_0017_0037_0037.jpg 1 17 17 37 37
1187_0016_0026_0067_0067.jpg 1 16 26 67 67
1188_0060_0040_0027_0027.jpg 1 60 40 27 27
1189_0032_0046_0048_0048.jpg 1 32 46 48 48
1190_0027_0036_0036_0036.jpg 1 27 36 36 36
1191_0014_0052_0027_0027.jpg 1 14 52 27 27
1192_0015_0030_0057_0057.jpg 1 15 30 57 57
1193_0006_0022_0057_0057.jpg 1 6 22 57 57
1194_0008_0013_0067_0067.jpg 1 8 13 67 67
1195_0019_0004_0066_0066.jpg 1 19 4 66 66
1196_0029_0016_0057_0057.jpg 1 29 16 57 57
1197_0025_0035_0045_0045.jpg 1 25 35 45 45
1198_0018_0027_0053_0053.jpg 1 18 27 53 53
1199_0019_0011_0063_0063.jpg 1 19 11 63 63
1200_0016_0005_0045_0045.jpg 1 16 5 45 45
1201_0040_0022_0049_0049.jpg 1 40 22 49 49
1202_0017_0005_0066_0066.jpg 1 17 5 66 66
1203_0051_0040_0041_0041.jpg 1 51 40 41 41
1204_0030_0021_0058_0058.jpg 1 30 21 58 58
1205_0026_0013_0059_0059.jpg 1 26 13 59 59
1206_0027_0012_0059_0059.jpg 1 27 12 59 59
1207_0027_0045_0047_0047.jpg 1 27 45 47 47
1208_0019_0024_0064_0064.jpg 1 19 24 64 64
1209_0051_0050_0038_0038.jpg 1 51 50 38 38
1210_0018_0024_0069_0069.jpg 1 18 24 69 69
1211_0019_0020_0057_0057.jpg 1 19 20 57 57
1212_0030_0033_0052_0052.jpg 1 30 33 52 52
1213_0058_0030_0028_0028.jpg 1 58 30 28 28
1214_0015_0030_0064_0064.jpg 1 15 30 64 64
1215_0010_0013_0042_0042.jpg 1 10 13 42 42
1216_0024_0019_0068_0068.jpg 1 24 19 68 68
1217_0031_0003_0065_0065.jpg 1 31 3 65 65
1218_0016_0027_0041_0041.jpg 1 16 27 41 41
1219_0018_0023_0065_0065.jpg 1 18 23 65 65
1220_0034_0021_0057_0057.jpg 1 34 21 57 57
1221_0013_0014_0066_0066.jpg 1 13 14 66 66
1222_0031_0055_0025_0025.jpg 1 31 55 25 25
1223_0036_0040_0041_0041.jpg 1 36 40 41 41
1224_0012_0015_0069_0069.jpg 1 12 15 69 69
1225_0033_0029_0044_0044.jpg 1 33 29 44 44
1226_0030_0029_0063_0063.jpg 1 30 29 63 63
1227_0031_0041_0029_0029.jpg 1 31 41 29 29
1228_0026_0040_0053_0053.jpg 1 26 40 53 53
1229_0045_0021_0033_0033.jpg 1 45 21 33 33
1230_0030_0012_0058_0058.jpg 1 30 12 58 58
1231_0019_0012_0058_0058.jpg 1 19 12 58 58
1232_0014_0013_0049_0049.jpg 1 14 13 49 49
1233_0025_0008_0040_0040.jpg 1 25 8 40 40
1234_0007_0032_0060_0060.jpg 1 7 32 60 60
1235_0026_0029_0053_0053.jpg 1 26 29 53 53
1236_0033_0021_0056_0056.jpg 1 33 21 56 56
1237_0033_0010_0031_0031.jpg 1 33 10 31 31
1238_0024_0010_0057_0057.jpg 1 24 10 57 57
1239_0020_0033_0054_0054.jpg 1 20 33 54 54
1240_0007_0020_0060_0060.jpg 1 7 20 60 60
1241_0013_0058_0029_0029.jpg 1 13 58 29 29
1242_0037_0042_0041_0041.jpg 1 37 42 41 41
1243_0014_0017_0045_0045.jpg 1 14 17 45 45
1244_0021_0017_0043_0043.jpg 1 21 17 43 43
1245_0015_0018_0067_0067.jpg 1 15 18 67 67
1246_0037_0032_0051_0051.jpg 1 37 32 51 51
1247_0025_0025_0050_0050.jpg 1 25 25 50 50
1248_0010_0040_0036_0036.jpg 1 10 40 36 36
1249_0032_0030_0062_0062.jpg 1 32 30 62 62
1250_0030_0006_0050_0050.jpg 1 30 6 50 50
1251_0007_0004_0065_0065.jpg 1 7 4 65 65
1252_0028_0026_0066_0066.jpg 1 28 26 66 66
1253_0016_0009_0062_0062.jpg 1 16 9 62 62
1254_0026_0013_0043_0043.jpg 1 26 13 43 43
1255_0033_0017_0045_0045.jpg 1 33 17 45 45
1256_0015_0008_0057_0057.jpg 1 15 8 57 57
1257_0020_0030_0055_0055.jpg 1 20 30 55 55
1258_0025_0021_0069_0069.jpg 1 25 21 69 69
1259_0024_0011_0066_0066.jpg 1 24 11 66 66
1260_0016_0030_0065_0065.jpg 1 16 30 65 65
1261_0017_0020_0058_0058.jpg 1 17 20 58 58
1262_0047_0027_0033_0033.jpg 1 47 27 33 33
1263_0040_0023_0049_0049.jpg 1 40 23 49 49
1264_0026_0015_0069_0069.jpg 1 26 15 69 69
1265_0009_0020_0056_0056.jpg 1 9 20 56 56
1266_0039_0015_0049_0049.jpg 1 39 15 49 49
1267_0020_0013_0066_0066.jpg 1 20 13 66 66
1268_0033_0007_0061_0061.jpg 1 33 7 61 61
1269_0013_0055_0026_0026.jpg 1 13 55 26 26
1270_0018_0033_0037_0037.jpg 1 18 33 37 37
1271_0007_0014_0049_0049.jpg 1 7 14 49 49
1272_0025_0035_0056_0056.jpg 1 25 35 56 56
1273_0012_0042_0036_0036.jpg 1 12 42 36 36
1274_0021_0012_0053_0053.jpg 1 21 12 53 53
1275_0020_0007_0069_0069.jpg 1 20 7 69 69
1276_0014_0025_0052_0052.jpg 1 14 25 52 52
1277_0016_0006_0059_0059.jpg 1 16 6 59 59
1278_0036_0025_0056_0056.jpg 1 36 25 56 56
1279_0060_0018_0030_0030.jpg 1 60 18 30 30
1280_0054_0057_0024_0024.jpg 1 54 57 24 24
1281_0012_0023_0069_0069.jpg 1 12 23 69 69
1282_0023_0029_0066_0066.jpg 1 23 29 66 66
1283_0023_0023_0065_0065.jpg 1 23 23 65 65
1284_0035_0054_0031_0031.jpg 1 35 54 31 31
1285_0004_0005_0069_0069.jpg 1 4 5 69 69
1286_0037_0016_0055_0055.jpg 1 37 16 55 55
1287_0031_0030_0062_0062.jpg 1 31 30 62 62
1288_0046_0046_0030_0030.jpg 1 46 46 30 30
1289_0029_0058_0033_0033.jpg 1 29 58 33 33
1290_0043_0059_0029_0029.jpg 1 43 59 29 29
1291_0009_0039_0026_0026.jpg 1 9 39 26 26
1292_0009_0019_0054_0054.jpg 1 9 19 54 54
1293_0020_0004_0064_0064.jpg 1 20 4 64 64
1294_0022_0028_0042_0042.jpg 1 22 28 42 42
1295_0014_0014_0066_0066.jpg 1 14 14 66 66
1296_0009_0021_0054_0054.jpg 1 9 21 54 54
1297_0025_0032_0059_0059.jpg 1 25 32 59 59
1298_0049_0030_0043_0043.jpg 1 49 30 43 43
1299_0010_0009_0040_0040.jpg 1 10 9 40 40
1300_0029_0029_0060_0060.jpg 1 29 29 60 60
1301_0031_0007_0035_0035.jpg 1 31 7 35 35
1302_0045_0035_0038_0038.jpg 1 45 35 38 38
1303_0009_0009_0053_0053.jpg 1 9 9 53 53
1304_0028_0008_0053_0053.jpg 1 28 8 53 53
1305_0011_0034_0046_0046.jpg 1 11 34 46 46
1306_0016_0036_0032_0032.jpg 1 16 36 32 32
1307_0049_0040_0029_0029.jpg 1 49 40 29 29
1308_0022_0027_0066_0066.jpg 1 22 27 66 66
1309_0041_0020_0038_0038.jpg 1 41 20 38 38
1310_0033_0013_0058_0058.jpg 1 33 13 58 58
1311_0009_0042_0050_0050.jpg 1 9 42 50 50
1312_0024_0041_0041_0041.jpg 1 24 41 41 41
1313_0020_0028_0061_0061.jpg 1 20 28 61 61
1314_0014_0012_0049_0049.jpg 1 14 12 49 49
1315_0038_0039_0045_0045.jpg 1 38 39 45 45
1316_0010_0017_0056_0056.jpg 1 10 17 56 56
1317_0049_0052_0029_0029.jpg 1 49 52 29 29
1318_0021_0026_0065_0065.jpg 1 21 26 65 65
1319_0056_0048_0036_0036.jpg 1 56 48 36 36
1320_0038_0012_0047_0047.jpg 1 38 12 47 47
1321_0016_0045_0045_0045.jpg 1 16 45 45 45
1322_0006_0027_0050_0050.jpg 1 6 27 50 50
1323_0022_0055_0025_0025.jpg 1 22 55 25 25
1324_0030_0021_0065_0065.jpg 1 30 21 65 65
1325_0030_0026_0057_0057.jpg 1 30 26 57 57
1326_0016_0028_0053_0053.jpg 1 16 28 53 53
1327_0005_0010_0069_0069.jpg 1 5 10 69 69
1328_0033_0049_0038_0038.jpg 1 33 49 38 38
1329_0050_0016_0030_0030.jpg 1 50 16 30 30
1330_0031_0058_0031_0031.jpg 1 31 58 31 31
1331_0036_0040_0043_0043.jpg 1 36 40 43 43
1332_0050_0035_0027_0027.jpg 1 50 35 27 27
1333_0039_0025_0025_0025.jpg 1 39 25 25 25
1334_0034_0026_0061_0061.jpg 1 34 26 61 61
1335_0014_0027_0053_0053.jpg 1 14 27 53 53
1336_0011_0028_0037_0037.jpg 1 11 28 37 37
1337_0015_0019_0036_0036.jpg 1 15 19 36 36
1338_0021_0006_0065_0065.jpg 1 21 6 65 65
1339_0005_0007_0055_0055.jpg 1 5 7 55 55
1340_0011_0031_0058_0058.jpg 1 11 31 58 58
1341_0046_0030_0025_0025.jpg 1 46 30 25 25
1342_0023_0014_0055_0055.jpg 1 23 14 55 55
1343_0049_0010_0027_0027.jpg 1 49 10 27 27
1344_0025_0029_0062_0062.jpg 1 25 29 62 62
1345_0043_0022_0042_0042.jpg 1 43 22 42 42
1346_0019_0017_0046_0046.jpg 1 19 17 46 46
1347_0012_0005_0057_0057.jpg 1 12 5 57 57
1348_0011_0044_0030_0030.jpg 1 11 44 30 30
1349_0008_0039_0029_0029.jpg 1 8 39 29 29
1350_0027_0004_0054_0054.jpg 1 27 4 54 54
1351_0016_0025_0067_0067.jpg 1 16 25 67 67
1352_0009_0022_0058_0058.jpg 1 9 22 58 58
1353_0018_0040_0037_0037.jpg 1 18 40 37 37
1354_0024_0007_0055_0055.jpg 1 24 7 55 55
1355_0029_0011_0064_0064.jpg 1 29 11 64 64
1356_0042_0055_0035_0035.jpg 1 42 55 35 35
1357_0028_0016_0066_0066.jpg 1 28 16 66 66
1358_0008_0019_0044_0044.jpg 1 8 19 44 44
1359_0023_0023_0066_0066.jpg 1 23 23 66 66
1360_0026_0020_0065_0065.jpg 1 26 20 65 65
1361_0015_0009_0057_0057.jpg 1 15 9 57 57
1362_0015_0008_0060_0060.jpg 1 15 8 60 60
1363_0014_0030_0032_0032.jpg 1 14 30 32 32
1364_0035_0030_0060_0060.jpg 1 35 30 60 60
1365_0027_0030_0063_0063.jpg 1 27 30 63 63
1366_0030_0043_0030_0030.jpg 1 30 43 30 30
1367_0009_0028_0052_0052.jpg 1 9 28 52 52
1368_0058_0041_0030_0030.jpg 1 58 41 30 30
1369_0010_0030_0061_0061.jpg 1 10 30 61 61
1370_0027_0067_0025_0025.jpg 1 27 67 25 25
1371_0028_0008_0052_0052.jpg 1 28 8 52 52
1372_0013_0044_0043_0043.jpg 1 13 44 43 43
1373_0033_0041_0033_0033.jpg 1 33 41 33 33
1374_0011_0035_0039_0039.jpg 1 11 35 39 39
1375_0046_0018_0047_0047.jpg 1 46 18 47 47
1376_0052_0036_0042_0042.jpg 1 52 36 42 42
1377_0042_0027_0041_0041.jpg 1 42 27 41 41
1378_0043_0030_0039_0039.jpg 1 43 30 39 39
1379_0062_0036_0028_0028.jpg 1 62 36 28 28
1380_0030_0020_0035_0035.jpg 1 30 20 35 35
1381_0019_0029_0036_0036.jpg 1 19 29 36 36
1382_0012_0039_0037_0037.jpg 1 12 39 37 37
1383_0025_0031_0037_0037.jpg 1 25 31 37 37
1384_0032_0006_0059_0059.jpg 1 32 6 59 59
1385_0026_0004_0062_0062.jpg 1 26 4 62 62
1386_0039_0025_0039_0039.jpg 1 39 25 39 39
1387_0011_0045_0034_0034.jpg 1 11 45 34 34
1388_0026_0006_0066_0066.jpg 1 26 6 66 66
1389_0050_0028_0029_0029.jpg 1 50 28 29 29
1390_0010_0022_0065_0065.jpg 1 10 22 65 65
1391_0035_0021_0026_0026.jpg 1 35 21 26 26
1392_0030_0029_0063_0063.jpg 1 30 29 63 63
1393_0027_0013_0065_0065.jpg 1 27 13 65 65
1394_0052_0034_0040_0040.jpg 1 52 34 40 40
1395_0016_0018_0028_0028.jpg 1 16 18 28 28
1396_0004_0025_0068_0068.jpg 1 4 25 68 68
1397_0013_0012_0055_0055.jpg 1 13 12 55 55
1398_0017_0045_0034_0034.jpg 1 17 45 34 34
1399_0057_0025_0034_0034.jpg 1 57 25 34 34
1400_0016_0024_0058_0058.jpg 1 16 24 58 58
1401_0025_0008_0067_0067.jpg 1 25 8 67 67
1402_0007_0046_0048_0048.jpg 1 7 46 48 48
1403_0033_0029_0032_0032.jpg 1 33 29 32 32
1404_0026_0012_0044_0044.jpg 1 26 12 44 44
1405_0047_0022_0030_0030.jpg 1 47 22 30 30
1406_0033_0020_0040_0040.jpg 1 33 20 40 40
1407_0008_0037_0027_0027.jpg 1 8 37 27 27
1408_0028_0023_0064_0064.jpg 1 28 23 64 64
1409_0016_0021_0067_0067.jpg 1 16 21 67 67
1410_0008_0014_0059_0059.jpg 1 8 14 59 59
1411_0019_0029_0052_0052.jpg 1 19 29 52 52
1412_0051_0028_0039_0039.jpg 1 51 28 39 39
1413_0026_0053_0037_0037.jpg 1 26 53 37 37
1414_0025_0032_0050_0050.jpg 1 25 32 50 50
1415_0015_0036_0045_0045.jpg 1 15 36 45 45
1416_0007_0039_0042_0042.jpg 1 7 39 42 42
1417_0014_0029_0062_0062.jpg 1 14 29 62 62
1418_0022_0014_0040_0040.jpg 1 22 14 40 40
1419_0044_0027_0027_0027.jpg 1 44 27 27 27
1420_0009_0014_0052_0052.jpg 1 9 14 52 52
1421_0014_0026_0063_0063.jpg 1 14 26 63 63
1422_0023_0026_0037_0037.jpg 1 23 26 37 37
1423_0013_0003_0067_0067.jpg 1 13 3 67 67
1424_0023_0005_0054_0054.jpg 1 23 5 54 54
1425_0006_0019_0060_0060.jpg 1 6 19 60 60
1426_0048_0028_0028_0028.jpg 1 48 28 28 28
1427_0022_0029_0040_0040.jpg 1 22 29 40 40
1428_0011_0032_0053_0053.jpg 1 11 32 53 53
1429_0013_0037_0025_0025.jpg 1 13 37 25 25
1430_0029_0023_0060_0060.jpg 1 29 23 60 60
1431_0055_0034_0037_0037.jpg 1 55 34 37 37
1432_0032_0014_0036_0036.jpg 1 32 14 36 36
1433_0017_0029_0048_0048.jpg 1 17 29 48 48
1434_0021_0037_0050_0050.jpg 1 21 37 50 50
1435_0025_0026_0048_0048.jpg 1 25 26 48 48
1436_0049_0036_0043_0043.jpg 1 49 36 43 43
1437_0034_0014_0053_0053.jpg 1 34 14 53 53
1438_0028_0038_0056_0056.jpg 1 28 38 56 56
1439_0033_0018_0044_0044.jpg 1 33 18 44 44
1440_0050_0020_0028_0028.jpg 1 50 20 28 28
1441_0012_0029_0067_0067.jpg 1 12 29 67 67
1442_0018_0035_0052_0052.jpg 1 18 35 52 52
1443_0025_0043_0041_0041.jpg 1 25 43 41 41
1444_0035_0015_0047_0047.jpg 1 35 15 47 47
1445_0037_0016_0047_0047.jpg 1 37 16 47 47
1446_0043_0018_0042_0042.jpg 1 43 18 42 42
1447_0033_0019_0053_0053.jpg 1 33 19 53 53
1448_0013_0029_0064_0064.jpg 1 13 29 64 64
1449_0038_0050_0037_0037.jpg 1 38 50 37 37
1450_0036_0051_0042_0042.jpg 1 36 51 42 42
1451_0047_0024_0026_0026.jpg 1 47 24 26 26
1452_0024_0020_0053_0053.jpg 1 24 20 53 53
1453_0014_0005_0050_0050.jpg 1 14 5 50 50
1454_0033_0050_0042_0042.jpg 1 33 50 42 42
1455_0016_0008_0069_0069.jpg 1 16 8 69 69
1456_0030_0044_0034_0034.jpg 1 30 44 34 34
1457_0028_0039_0050_0050.jpg 1 28 39 50 50
1458_0053_0026_0034_0034.jpg 1 53 26 34 34
1459_0033_0027_0060_0060.jpg 1 33 27 60 60
1460_0029_0008_0061_0061.jpg 1 29 8 61 61
1461_0006_0040_0033_0033.jpg 1 6 40 33 33
1462_0015_0063_0025_0025.jpg 1 15 63 25 25
1463_0032_0019_0043_0043.jpg 1 32 19 43 43
1464_0008_0046_0038_0038.jpg 1 8 46 38 38
1465_0024_0029_0058_0058.jpg 1 24 29 58 58
1466_0038_0010_0027_0027.jpg 1 38 10 27 27
1467_0032_0036_0051_0051.jpg 1 32 36 51 51
1468_0023_0019_0062_0062.jpg 1 23 19 62 62
1469_0040_0050_0027_0027.jpg 1 40 50 27 27
1470_0046_0008_0029_0029.jpg 1 46 8 29 29
1471_0035_0046_0030_0030.jpg 1 35 46 30 30
1472_0012_0015_0069_0069.jpg 1 12 15 69 69
1473_0042_0012_0041_0041.jpg 1 42 12 41 41
1474_0029_0032_0060_0060.jpg 1 29 32 60 60
1475_0025_0019_0060_0060.jpg 1 25 19 60 60
1476_0018_0020_0060_0060.jpg 1 18 20 60 60
1477_0022_0026_0056_0056.jpg 1 22 26 56 56
1478_0023_0032_0033_0033.jpg 1 23 32 33 33
1479_0052_0043_0037_0037.jpg 1 52 43 37 37
1480_0032_0021_0063_0063.jpg 1 32 21 63 63
1481_0036_0026_0029_0029.jpg 1 36 26 29 29
1482_0037_0053_0025_0025.jpg 1 37 53 25 25
1483_0048_0030_0040_0040.jpg 1 48 30 40 40
1484_0013_0011_0063_0063.jpg 1 13 11 63 63
1485_0012_0024_0063_0063.jpg 1 12 24 63 63
1486_0021_0030_0064_0064.jpg 1 21 30 64 64
1487_0005_0019_0047_0047.jpg 1 5 19 47 47
1488_0014_0017_0067_0067.jpg 1 14 17 67 67
1489_0006_0028_0056_0056.jpg 1 6 28 56 56
1490_0061_0028_0030_0030.jpg 1 61 28 30 30
1491_0036_0039_0053_0053.jpg 1 36 39 53 53
1492_0021_0057_0026_0026.jpg 1 21 57 26 26
1493_0009_0031_0061_0061.jpg 1 9 31 61 61
1494_0036_0023_0048_0048.jpg 1 36 23 48 48
1495_0027_0015_0068_0068.jpg 1 27 15 68 68
1496_0052_0036_0033_0033.jpg 1 52 36 33 33
1497_0019_0015_0053_0053.jpg 1 19 15 53 53
1498_0014_0018_0064_0064.jpg 1 14 18 64 64
1499_0050_0014_0038_0038.jpg 1 50 14 38 38
1500_0029_0040_0050_0050.jpg 1 29 40 50 50
1501_0024_0014_0068_0068.jpg 1 24 14 68 68
1502_0016_0011_0064_0064.jpg 1 16 11 64 64
1503_0032_0017_0059_0059.jpg 1 32 17 59 59
1504_0033_0029_0062_0062.jpg 1 33 29 62 62
1505_0015_0040_0042_0042.jpg 1 15 40 42 42
1506_0019_0010_0067_0067.jpg 1 19 10 67 67
1507_0019_0012_0065_0065.jpg 1 19 12 65 65
1508_0005_0030_0053_0053.jpg 1 5 30 53 53
1509_0022_0008_0068_0068.jpg 1 22 8 68 68
1510_0006_0027_0069_0069.jpg 1 6 27 69 69
1511_0026_0039_0050_0050.jpg 1 26 39 50 50
1512_0031_0025_0032_0032.jpg 1 31 25 32 32
1513_0060_0061_0027_0027.jpg 1 60 61 27 27
1514_0031_0040_0047_0047.jpg 1 31 40 47 47
1515_0051_0050_0039_0039.jpg 1 51 50 39 39
1516_0049_0009_0028_0028.jpg 1 49 9 28 28
1517_0014_0017_0044_0044.jpg 1 14 17 44 44
1518_0005_0016_0065_0065.jpg 1 5 16 65 65
1519_0024_0053_0035_0035.jpg 1 24 53 35 35
1520_0039_0009_0055_0055.jpg 1 39 9 55 55
1521_0034_0029_0044_0044.jpg 1 34 29 44 44
1522_0037_0057_0024_0024.jpg 1 37 57 24 24
1523_0035_0037_0045_0045.jpg 1 35 37 45 45
1524_0041_0013_0030_0030.jpg 1 41 13 30 30
1525_0044_0024_0035_0035.jpg 1 44 24 35 35
1526_0031_0030_0058_0058.jpg 1 31 30 58 58
1527_0042_0019_0029_0029.jpg 1 42 19 29 29
1528_0007_0054_0035_0035.jpg 1 7 54 35 35
1529_0010_0016_0048_0048.jpg 1 10 16 48 48
1530_0004_0026_0068_0068.jpg 1 4 26 68 68
1531_0031_0006_0063_0063.jpg 1 31 6 63 63
1532_0029_0017_0058_0058.jpg 1 29 17 58 58
1533_0023_0013_0066_0066.jpg 1 23 13 66 66
1534_0026_0010_0046_0046.jpg 1 26 10 46 46
1535_0033_0008_0062_0062.jpg 1 33 8 62 62
1536_0006_0012_0059_0059.jpg 1 6 12 59 59
1537_0023_0025_0056_0056.jpg 1 23 25 56 56
1538_0030_0005_0053_0053.jpg 1 30 5 53 53
1539_0016_0051_0039_0039.jpg 1 16 51 39 39
1540_0007_0035_0059_0059.jpg 1 7 35 59 59
1541_0017_0005_0065_0065.jpg 1 17 5 65 65
1542_0042_0046_0040_0040.jpg 1 42 46 40 40
1543_0036_0006_0058_0058.jpg 1 36 6 58 58
1544_0015_0016_0067_0067.jpg 1 15 16 67 67
1545_0023_0049_0033_0033.jpg 1 23 49 33 33
1546_0017_0024_0026_0026.jpg 1 17 24 26 26
1547_0006_0020_0065_0065.jpg 1 6 20 65 65
1548_0013_0015_0055_0055.jpg 1 13 15 55 55
1549_0024_0036_0059_0059.jpg 1 24 36 59 59
1550_0032_0024_0057_0057.jpg 1 32 24 57 57
1551_0039_0011_0026_0026.jpg 1 39 11 26 26
1552_0015_0019_0049_0049.jpg 1 15 19 49 49
1553_0008_0033_0026_0026.jpg 1 8 33 26 26
1554_0051_0032_0025_0025.jpg 1 51 32 25 25
1555_0018_0010_0036_0036.jpg 1 18 10 36 36
1556_0008_0008_0052_0052.jpg 1 8 8 52 52
1557_0029_0034_0046_0046.jpg 1 29 34 46 46
1558_0010_0025_0059_0059.jpg 1 10 25 59 59
1559_0016_0034_0055_0055.jpg 1 16 34 55 55
1560_0037_0010_0056_0056.jpg 1 37 10 56 56
1561_0039_0023_0055_0055.jpg 1 39 23 55 55
1562_0033_0036_0037_0037.jpg 1 33 36 37 37
1563_0050_0046_0030_0030.jpg 1 50 46 30 30
1564_0021_0049_0034_0034.jpg 1 21 49 34 34
1565_0020_0055_0036_0036.jpg 1 20 55 36 36
1566_0028_0033_0046_0046.jpg 1 28 33 46 46
1567_0011_0014_0054_0054.jpg 1 11 14 54 54
1568_0011_0009_0057_0057.jpg 1 11 9 57 57
1569_0026_0020_0034_0034.jpg 1 26 20 34 34
1570_0029_0040_0044_0044.jpg 1 29 40 44 44
1571_0006_0016_0058_0058.jpg 1 6 16 58 58
1572_0045_0044_0024_0024.jpg 1 45 44 24 24
1573_0014_0012_0060_0060.jpg 1 14 12 60 60
1574_0017_0046_0046_0046.jpg 1 17 46 46 46
1575_0025_0009_0069_0069.jpg 1 25 9 69 69
1576_0027_0032_0053_0053.jpg 1 27 32 53 53
1577_0031_0045_0046_0046.jpg 1 31 45 46 46
1578_0048_0017_0027_0027.jpg 1 48 17 27 27
1579_0027_0016_0066_0066.jpg 1 27 16 66 66
1580_0033_0040_0034_0034.jpg 1 33 40 34 34
1581_0058_0049_0032_0032.jpg 1 58 49 32 32
1582_0015_0026_0061_0061.jpg 1 15 26 61 61
1583_0032_0035_0042_0042.jpg 1 32 35 42 42
1584_0017_0014_0032_0032.jpg 1 17 14 32 32
1585_0012_0057_0030_0030.jpg 1 12 57 30 30
1586_0025_0033_0055_0055.jpg 1 25 33 55 55
1587_0038_0022_0044_0044.jpg 1 38 22 44 44
1588_0027_0012_0027_0027.jpg 1 27 12 27 27
1589_0036_0037_0039_0039.jpg 1 36 37 39 39
1590_0033_0013_0042_0042.jpg 1 33 13 42 42
1591_0019_0042_0029_0029.jpg 1 19 42 29 29
1592_0029_0037_0057_0057.jpg 1 29 37 57 57
1593_0009_0019_0029_0029.jpg 1 9 19 29 29
1594_0030_0032_0062_0062.jpg 1 30 32 62 62
1595_0032_0024_0039_0039.jpg 1 32 24 39 39
1596_0043_0010_0029_0029.jpg 1 43 10 29 29
1597_0038_0049_0029_0029.jpg 1 38 49 29 29
1598_0042_0030_0041_0041.jpg 1 42 30 41 41
1599_0026_0026_0026_0026.jpg 1 26 26 26 26
1600_0009_0004_0065_0065.jpg 1 9 4 65 65
1601_0028_0032_0045_0045.jpg 1 28 32 45 45
1602_0015_0005_0059_0059.jpg 1 15 5 59 59
1603_0047_0036_0036_0036.jpg 1 47 36 36 36
1604_0007_0014_0069_0069.jpg 1 7 14 69 69
1605_0033_0035_0032_0032.jpg 1 33 35 32 32
1606_0042_0044_0048_0048.jpg 1 42 44 48 48
1607_0039_0018_0044_0044.jpg 1 39 18 44 44
1608_0013_0016_0059_0059.jpg 1 13 16 59 59
1609_0025_0053_0027_0027.jpg 1 25 53 27 27
1610_0006_0048_0036_0036.jpg 1 6 48 36 36
1611_0030_0030_0028_0028.jpg 1 30 30 28 28
1612_0028_0015_0061_0061.jpg 1 28 15 61 61
1613_0020_0037_0045_0045.jpg 1 20 37 45 45
1614_0037_0036_0040_0040.jpg 1 37 36 40 40
1615_0008_0017_0054_0054.jpg 1 8 17 54 54
1616_0018_0050_0032_0032.jpg 1 18 50 32 32
1617_0017_0036_0042_0042.jpg 1 17 36 42 42
1618_0050_0030_0043_0043.jpg 1 50 30 43 43
1619_0032_0006_0056_0056.jpg 1 32 6 56 56
1620_0017_0034_0045_0045.jpg 1 17 34 45 45
1621_0047_0026_0039_0039.jpg 1 47 26 39 39
1622_0010_0005_0048_0048.jpg 1 10 5 48 48
1623_0058_0055_0026_0026.jpg 1 58 55 26 26
1624_0027_0027_0067_0067.jpg 1 27 27 67 67
1625_0031_0024_0064_0064.jpg 1 31 24 64 64
1626_0020_0058_0027_0027.jpg 1 20 58 27 27
1627_0021_0027_0068_0068.jpg 1 21 27 68 68
1628_0030_0022_0060_0060.jpg 1 30 22 60 60
1629_0020_0039_0047_0047.jpg 1 20 39 47 47
1630_0021_0049_0038_0038.jpg 1 21 49 38 38
1631_0050_0043_0037_0037.jpg 1 50 43 37 37
1632_0008_0035_0046_0046.jpg 1 8 35 46 46
1633_0024_0014_0028_0028.jpg 1 24 14 28 28
1634_0004_0012_0058_0058.jpg 1 4 12 58 58
1635_0021_0013_0062_0062.jpg 1 21 13 62 62
1636_0034_0016_0056_0056.jpg 1 34 16 56 56
1637_0042_0018_0026_0026.jpg 1 42 18 26 26
1638_0061_0061_0025_0025.jpg 1 61 61 25 25
1639_0021_0030_0056_0056.jpg 1 21 30 56 56
1640_0044_0022_0050_0050.jpg 1 44 22 50 50
1641_0019_0040_0038_0038.jpg 1 19 40 38 38
1642_0054_0038_0038_0038.jpg 1 54 38 38 38
1643_0048_0014_0035_0035.jpg 1 48 14 35 35
1644_0016_0005_0061_0061.jpg 1 16 5 61 61
1645_0047_0013_0032_0032.jpg 1 47 13 32 32
1646_0004_0010_0063_0063.jpg 1 4 10 63 63
1647_0007_0030_0055_0055.jpg 1 7 30 55 55
1648_0011_0025_0039_0039.jpg 1 11 25 39 39
1649_0034_0010_0060_0060.jpg 1 34 10 60 60
1650_0031_0028_0053_0053.jpg 1 31 28 53 53
1651_0020_0013_0050_0050.jpg 1 20 13 50 50
1652_0040_0039_0053_0053.jpg 1 40 39 53 53
1653_0005_0020_0060_0060.jpg 1 5 20 60 60
1654_0009_0023_0051_0051.jpg 1 9 23 51 51
1655_0010_0023_0065_0065.jpg 1 10 23 65 65
1656_0018_0053_0035_0035.jpg 1 18 53 35 35
1657_0014_0027_0063_0063.jpg 1 14 27 63 63
1658_0042_0029_0025_0025.jpg 1 42 29 25 25
1659_0017_0022_0024_0024.jpg 1 17 22 24 24
1660_0005_0028_0065_0065.jpg 1 5 28 65 65
1661_0024_0023_0050_0050.jpg 1 24 23 50 50
1662_0022_0023_0061_0061.jpg 1 22 23 61 61
1663_0046_0025_0046_0046.jpg 1 46 25 46 46
1664_0012_0022_0067_0067.jpg 1 12 22 67 67
1665_0026_0005_0060_0060.jpg 1 26 5 60 60
1666_0004_0035_0057_0057.jpg 1 4 35 57 57
1667_0030_0034_0040_0040.jpg 1 30 34 40 40
1668_0021_0033_0033_0033.jpg 1 21 33 33 33
1669_0027_0021_0064_0064.jpg 1 27 21 64 64
1670_0016_0036_0050_0050.jpg 1 16 36 50 50
1671_0029_0011_0032_0032.jpg 1 29 11 32 32
1672_0055_0043_0026_0026.jpg 1 55 43 26 26
1673_0030_0025_0062_0062.jpg 1 30 25 62 62
1674_0051_0051_0031_0031.jpg 1 51 51 31 31
1675_0031_0012_0032_0032.jpg 1 31 12 32 32
1676_0019_0037_0055_0055.jpg 1 19 37 55 55
1677_0027_0018_0064_0064.jpg 1 27 18 64 64
1678_0042_0009_0048_0048.jpg 1 42 9 48 48
1679_0029_0005_0067_0067.jpg 1 29 5 67 67
1680_0030_0031_0062_0062.jpg 1 30 31 62 62
1681_0026_0004_0068_0068.jpg 1 26 4 68 68
1682_0007_0042_0031_0031.jpg 1 7 42 31 31
1683_0020_0025_0055_0055.jpg 1 20 25 55 55
1684_0012_0014_0058_0058.jpg 1 12 14 58 58
1685_0032_0033_0038_0038.jpg 1 32 33 38 38
1686_0014_0028_0063_0063.jpg 1 14 28 63 63
1687_0037_0022_0058_0058.jpg 1 37 22 58 58
1688_0009_0030_0063_0063.jpg 1 9 30 63 63
1689_0012_0020_0068_0068.jpg 1 12 20 68 68
1690_0024_0051_0042_0042.jpg 1 24 51 42 42
1691_0025_0020_0064_0064.jpg 1 25 20 64 64
1692_0026_0018_0042_0042.jpg 1 26 18 42 42
1693_0060_0044_0030_0030.jpg 1 60 44 30 30
1694_0019_0054_0032_0032.jpg 1 19 54 32 32
1695_0045_0042_0026_0026.jpg 1 45 42 26 26
1696_0037_0025_0025_0025.jpg 1 37 25 25 25
1697_0011_0037_0051_0051.jpg 1 11 37 51 51
1698_0040_0053_0030_0030.jpg 1 40 53 30 30
1699_0030_0010_0048_0048.jpg 1 30 10 48 48
1700_0036_0046_0034_0034.jpg 1 36 46 34 34
1701_0020_0025_0047_0047.jpg 1 20 25 47 47
1702_0008_0029_0064_0064.jpg 1 8 29 64 64
1703_0038_0016_0034_0034.jpg 1 38 16 34 34
1704_0004_0011_0059_0059.jpg 1 4 11 59 59
1705_0019_0024_0059_0059.jpg 1 19 24 59 59
1706_0008_0030_0034_0034.jpg 1 8 30 34 34
1707_0052_0008_0041_0041.jpg 1 52 8 41 41
1708_0024_0024_0030_0030.jpg 1 24 24 30 30
1709_0029_0035_0059_0059.jpg 1 29 35 59 59
1710_0006_0033_0052_0052.jpg 1 6 33 52 52
1711_0006_0021_0050_0050.jpg 1 6 21 50 50
1712_0017_0024_0042_0042.jpg 1 17 24 42 42
1713_0047_0009_0035_0035.jpg 1 47 9 35 35
1714_0006_0039_0036_0036.jpg 1 6 39 36 36
1715_0042_0051_0030_0030.jpg 1 42 51 30 30
1716_0033_0006_0042_0042.jpg 1 33 6 42 42
1717_0012_0031_0032_0032.jpg 1 12 31 32 32
1718_0037_0014_0025_0025.jpg 1 37 14 25 25
1719_0024_0052_0039_0039.jpg 1 24 52 39 39
1720_0060_0025_0024_0024.jpg 1 60 25 24 24
1721_0043_0040_0028_0028.jpg 1 43 40 28 28
1722_0030_0013_0058_0058.jpg 1 30 13 58 58
1723_0020_0029_0052_0052.jpg 1 20 29 52 52
1724_0035_0016_0033_0033.jpg 1 35 16 33 33
1725_0013_0039_0044_0044.jpg 1 13 39 44 44
1726_0047_0041_0033_0033.jpg 1 47 41 33 33
1727_0041_0052_0035_0035.jpg 1 41 52 35 35
1728_0033_0010_0041_0041.jpg 1 33 10 41 41
1729_0054_0032_0034_0034.jpg 1 54 32 34 34
1730_0053_0047_0032_0032.jpg 1 53 47 32 32
1731_0026_0033_0062_0062.jpg 1 26 33 62 62
1732_0043_0024_0037_0037.jpg 1 43 24 37 37
1733_0011_0008_0068_0068.jpg 1 11 8 68 68
1734_0014_0042_0032_0032.jpg 1 14 42 32 32
1735_0031_0007_0032_0032.jpg 1 31 7 32 32
1736_0007_0006_0049_0049.jpg 1 7 6 49 49
1737_0005_0018_0058_0058.jpg 1 5 18 58 58
1738_0039_0026_0041_0041.jpg 1 39 26 41 41
1739_0028_0026_0067_0067.jpg 1 28 26 67 67
1740_0011_0013_0059_0059.jpg 1 11 13 59 59
1741_0041_0009_0028_0028.jpg 1 41 9 28 28
1742_0007_0028_0051_0051.jpg 1 7 28 51 51
1743_0020_0021_0062_0062.jpg 1 20 21 62 62
1744_0052_0023_0035_0035.jpg 1 52 23 35 35
1745_0019_0005_0050_0050.jpg 1 19 5 50 50
1746_0039_0027_0052_0052.jpg 1 39 27 52 52
1747_0012_0052_0032_0032.jpg 1 12 52 32 32
1748_0014_0026_0065_0065.jpg 1 14 26 65 65
1749_0024_0022_0067_0067.jpg 1 24 22 67 67
1750_0045_0048_0032_0032.jpg 1 45 48 32 32
1751_0035_0020_0042_0042.jpg 1 35 20 42 42
1752_0034_0042_0031_0031.jpg 1 34 42 31 31
1753_0026_0029_0058_0058.jpg 1 26 29 58 58
1754_0021_0027_0056_0056.jpg 1 21 27 56 56
1755_0034_0009_0053_0053.jpg 1 34 9 53 53
1756_0023_0011_0065_0065.jpg 1 23 11 65 65
1757_0018_0034_0030_0030.jpg 1 18 34 30 30
1758_0039_0007_0054_0054.jpg 1 39 7 54 54
1759_0007_0025_0069_0069.jpg 1 7 25 69 69
1760_0019_0007_0054_0054.jpg 1 19 7 54 54
1761_0004_0006_0062_0062.jpg 1 4 6 62 62
1762_0034_0023_0037_0037.jpg 1 34 23 37 37
1763_0005_0023_0068_0068.jpg 1 5 23 68 68
1764_0022_0030_0065_0065.jpg 1 22 30 65 65
1765_0026_0018_0030_0030.jpg 1 26 18 30 30
1766_0044_0034_0049_0049.jpg 1 44 34 49 49
1767_0010_0030_0040_0040.jpg 1 10 30 40 40
1768_0018_0007_0039_0039.jpg 1 18 7 39 39
1769_0040_0016_0054_0054.jpg 1 40 16 54 54
1770_0034_0032_0044_0044.jpg 1 34 32 44 44
1771_0013_0008_0026_0026.jpg 1 13 8 26 26
1772_0028_0045_0048_0048.jpg 1 28 45 48 48
1773_0022_0006_0060_0060.jpg 1 22 6 60 60
1774_0008_0048_0030_0030.jpg 1 8 48 30 30
1775_0010_0009_0060_0060.jpg 1 10 9 60 60
1776_0052_0044_0029_0029.jpg 1 52 44 29 29
1777_0015_0043_0050_0050.jpg 1 15 43 50 50
1778_0008_0037_0052_0052.jpg 1 8 37 52 52
1779_0010_0006_0052_0052.jpg 1 10 6 52 52
1780_0029_0049_0042_0042.jpg 1 29 49 42 42
1781_0028_0027_0049_0049.jpg 1 28 27 49 49
1782_0018_0007_0060_0060.jpg 1 18 7 60 60
1783_0023_0047_0024_0024.jpg 1 23 47 24 24
1784_0029_0004_0067_0067.jpg 1 29 4 67 67
1785_0049_0052_0028_0028.jpg 1 49 52 28 28
1786_0021_0043_0046_0046.jpg 1 21 43 46 46
1787_0037_0014_0040_0040.jpg 1 37 14 40 40
1788_0012_0024_0060_0060.jpg 1 12 24 60 60
1789_0050_0011_0040_0040.jpg 1 50 11 40 40
1790_0004_0034_0058_0058.jpg 1 4 34 58 58
1791_0025_0024_0066_0066.jpg 1 25 24 66 66
1792_0020_0033_0050_0050.jpg 1 20 33 50 50
1793_0005_0006_0065_0065.jpg 1 5 6 65 65
1794_0006_0038_0043_0043.jpg 1 6 38 43 43
1795_0009_0028_0065_0065.jpg 1 9 28 65 65
1796_0023_0014_0061_0061.jpg 1 23 14 61 61
1797_0047_0039_0037_0037.jpg 1 47 39 37 37
1798_0025_0010_0064_0064.jpg 1 25 10 64 64
1799_0026_0030_0050_0050.jpg 1 26 30 50 50
1800_0028_0026_0047_0047.jpg 1 28 26 47 47
1801_0034_0047_0043_0043.jpg 1 34 47 43 43
1802_0041_0012_0051_0051.jpg 1 41 12 51 51
1803_0025_0015_0056_0056.jpg 1 25 15 56 56
1804_0046_0046_0034_0034.jpg 1 46 46 34 34
1805_0007_0046_0039_0039.jpg 1 7 46 39 39
1806_0032_0051_0033_0033.jpg 1 32 51 33 33
1807_0032_0016_0026_0026.jpg 1 32 16 26 26
1808_0009_0007_0038_0038.jpg 1 9 7 38 38
1809_0009_0026_0053_0053.jpg 1 9 26 53 53
1810_0028_0033_0035_0035.jpg 1 28 33 35 35
1811_0016_0025_0040_0040.jpg 1 16 25 40 40
1812_0022_0015_0057_0057.jpg 1 22 15 57 57
1813_0043_0009_0051_0051.jpg 1 43 9 51 51
1814_0019_0025_0051_0051.jpg 1 19 25 51 51
1815_0016_0034_0047_0047.jpg 1 16 34 47 47
1816_0031_0015_0064_0064.jpg 1 31 15 64 64
1817_0037_0022_0038_0038.jpg 1 37 22 38 38
1818_0042_0005_0047_0047.jpg 1 42 5 47 47
1819_0045_0049_0039_0039.jpg 1 45 49 39 39
1820_0029_0011_0060_0060.jpg 1 29 11 60 60
1821_0032_0041_0026_0026.jpg 1 32 41 26 26
1822_0020_0041_0050_0050.jpg 1 20 41 50 50
1823_0014_0025_0038_0038.jpg 1 14 25 38 38
1824_0008_0058_0029_0029.jpg 1 8 58 29 29
1825_0034_0037_0036_0036.jpg 1 34 37 36 36
1826_0007_0035_0055_0055.jpg 1 7 35 55 55
1827_0019_0035_0051_0051.jpg 1 19 35 51 51
1828_0024_0025_0040_0040.jpg 1 24 25 40 40
1829_0017_0012_0068_0068.jpg 1 17 12 68 68
1830_0010_0050_0029_0029.jpg 1 10 50 29 29
1831_0011_0048_0041_0041.jpg 1 11 48 41 41
1832_0018_0024_0059_0059.jpg 1 18 24 59 59
1833_0031_0035_0046_0046.jpg 1 31 35 46 46
1834_0011_0057_0035_0035.jpg 1 11 57 35 35
1835_0027_0028_0064_0064.jpg 1 27 28 64 64
1836_0026_0005_0052_0052.jpg 1 26 5 52 52
1837_0010_0010_0055_0055.jpg 1 10 10 55 55
1838_0042_0026_0028_0028.jpg 1 42 26 28 28
1839_0023_0029_0064_0064.jpg 1 23 29 64 64
1840_0020_0042_0052_0052.jpg 1 20 42 52 52
1841_0041_0021_0039_0039.jpg 1 41 21 39 39
1842_0011_0043_0046_0046.jpg 1 11 43 46 46
1843_0034_0034_0052_0052.jpg 1 34 34 52 52
1844_0028_0015_0040_0040.jpg 1 28 15 40 40
1845_0049_0055_0032_0032.jpg 1 49 55 32 32
1846_0020_0010_0046_0046.jpg 1 20 10 46 46
1847_0066_0046_0024_0024.jpg 1 66 46 24 24
1848_0049_0008_0034_0034.jpg 1 49 8 34 34
1849_0033_0015_0044_0044.jpg 1 33 15 44 44
1850_0037_0050_0043_0043.jpg 1 37 50 43 43
1851_0030_0026_0060_0060.jpg 1 30 26 60 60
1852_0054_0018_0025_0025.jpg 1 54 18 25 25
1853_0035_0047_0032_0032.jpg 1 35 47 32 32
1854_0045_0054_0035_0035.jpg 1 45 54 35 35
1855_0042_0050_0031_0031.jpg 1 42 50 31 31
1856_0007_0011_0058_0058.jpg 1 7 11 58 58
1857_0014_0044_0046_0046.jpg 1 14 44 46 46
1858_0041_0041_0047_0047.jpg 1 41 41 47 47
1859_0012_0032_0053_0053.jpg 1 12 32 53 53
1860_0021_0047_0027_0027.jpg 1 21 47 27 27
1861_0017_0034_0029_0029.jpg 1 17 34 29 29
1862_0005_0028_0054_0054.jpg 1 5 28 54 54
1863_0018_0020_0061_0061.jpg 1 18 20 61 61
1864_0022_0029_0059_0059.jpg 1 22 29 59 59
1865_0022_0010_0044_0044.jpg 1 22 10 44 44
1866_0009_0019_0068_0068.jpg 1 9 19 68 68
1867_0047_0032_0026_0026.jpg 1 47 32 26 26
1868_0009_0016_0055_0055.jpg 1 9 16 55 55
1869_0033_0037_0031_0031.jpg 1 33 37 31 31
1870_0052_0047_0040_0040.jpg 1 52 47 40 40
1871_0012_0006_0057_0057.jpg 1 12 6 57 57
1872_0032_0031_0061_0061.jpg 1 32 31 61 61
1873_0052_0028_0026_0026.jpg 1 52 28 26 26
1874_0024_0008_0047_0047.jpg 1 24 8 47 47
1875_0015_0018_0026_0026.jpg 1 15 18 26 26
1876_0014_0004_0051_0051.jpg 1 14 4 51 51
1877_0010_0045_0033_0033.jpg 1 10 45 33 33
1878_0012_0034_0032_0032.jpg 1 12 34 32 32
1879_0037_0027_0052_0052.jpg 1 37 27 52 52
1880_0029_0011_0060_0060.jpg 1 29 11 60 60
1881_0029_0029_0035_0035.jpg 1 29 29 35 35
1882_0025_0033_0035_0035.jpg 1 25 33 35 35
1883_0018_0039_0056_0056.jpg 1 18 39 56 56
1884_0042_0018_0039_0039.jpg 1 42 18 39 39
1885_0019_0031_0055_0055.jpg 1 19 31 55 55
1886_0049_0040_0030_0030.jpg 1 49 40 30 30
1887_0014_0026_0063_0063.jpg 1 14 26 63 63
1888_0043_0023_0044_0044.jpg 1 43 23 44 44
1889_0034_0032_0033_0033.jpg 1 34 32 33 33
1890_0008_0016_0053_0053.jpg 1 8 16 53 53
1891_0013_0009_0066_0066.jpg 1 13 9 66 66
1892_0023_0026_0028_0028.jpg 1 23 26 28 28
1893_0015_0036_0024_0024.jpg 1 15 36 24 24
1894_0042_0017_0040_0040.jpg 1 42 17 40 40
1895_0026_0022_0066_0066.jpg 1 26 22 66 66
1896_0040_0055_0038_0038.jpg 1 40 55 38 38
1897_0062_0057_0028_0028.jpg 1 62 57 28 28
1898_0020_0027_0055_0055.jpg 1 20 27 55 55
1899_0063_0051_0029_0029.jpg 1 63 51 29 29
1900_0053_0050_0027_0027.jpg 1 53 50 27 27
1901_0005_0009_0057_0057.jpg 1 5 9 57 57
1902_0006_0021_0069_0069.jpg 1 6 21 69 69
1903_0013_0011_0066_0066.jpg 1 13 11 66 66
1904_0007_0038_0037_0037.jpg 1 7 38 37 37
1905_0019_0016_0069_0069.jpg 1 19 16 69 69
1906_0032_0035_0049_0049.jpg 1 32 35 49 49
1907_0026_0031_0030_0030.jpg 1 26 31 30 30
1908_0012_0023_0048_0048.jpg 1 12 23 48 48
1909_0015_0038_0050_0050.jpg 1 15 38 50 50
1910_0017_0034_0037_0037.jpg 1 17 34 37 37
1911_0019_0029_0054_0054.jpg 1 19 29 54 54
1912_0019_0009_0065_0065.jpg 1 19 9 65 65
1913_0023_0042_0037_0037.jpg 1 23 42 37 37
1914_0042_0036_0052_0052.jpg 1 42 36 52 52
1915_0028_0015_0065_0065.jpg 1 28 15 65 65
1916_0025_0005_0063_0063.jpg 1 25 5 63 63
1917_0006_0013_0054_0054.jpg 1 6 13 54 54
1918_0045_0023_0034_0034.jpg 1 45 23 34 34
1919_0012_0036_0059_0059.jpg 1 12 36 59 59
1920_0064_0040_0026_0026.jpg 1 64 40 26 26
1921_0025_0050_0042_0042.jpg 1 25 50 42 42
1922_0032_0040_0045_0045.jpg 1 32 40 45 45
1923_0007_0035_0041_0041.jpg 1 7 35 41 41
1924_0049_0011_0043_0043.jpg 1 49 11 43 43
1925_0011_0056_0037_0037.jpg 1 11 56 37 37
1926_0009_0028_0029_0029.jpg 1 9 28 29 29
1927_0015_0019_0053_0053.jpg 1 15 19 53 53
1928_0008_0016_0063_0063.jpg 1 8 16 63 63
1929_0055_0045_0030_0030.jpg 1 55 45 30 30
1930_0022_0016_0064_0064.jpg 1 22 16 64 64
1931_0006_0031_0041_0041.jpg 1 6 31 41 41
1932_0021_0014_0031_0031.jpg 1 21 14 31 31
1933_0042_0021_0050_0050.jpg 1 42 21 50 50
1934_0031_0010_0047_0047.jpg 1 31 10 47 47
1935_0007_0022_0059_0059.jpg 1 7 22 59 59
1936_0008_0022_0053_0053.jpg 1 8 22 53 53
1937_0045_0017_0029_0029.jpg 1 45 17 29 29
1938_0041_0052_0024_0024.jpg 1 41 52 24 24
1939_0022_0013_0052_0052.jpg 1 22 13 52 52
1940_0039_0028_0053_0053.jpg 1 39 28 53 53
1941_0023_0052_0041_0041.jpg 1 23 52 41 41
1942_0009_0039_0047_0047.jpg 1 9 39 47 47
1943_0015_0049_0032_0032.jpg 1 15 49 32 32
1944_0024_0016_0024_0024.jpg 1 24 16 24 24
1945_0016_0004_0068_0068.jpg 1 16 4 68 68
1946_0029_0033_0035_0035.jpg 1 29 33 35 35
1947_0033_0010_0048_0048.jpg 1 33 10 48 48
1948_0009_0011_0053_0053.jpg 1 9 11 53 53
1949_0031_0026_0048_0048.jpg 1 31 26 48 48
1950_0014_0009_0057_0057.jpg 1 14 9 57 57
1951_0025_0026_0041_0041.jpg 1 25 26 41 41
1952_0011_0016_0066_0066.jpg 1 11 16 66 66
1953_0029_0032_0064_0064.jpg 1 29 32 64 64
1954_0009_0011_0049_0049.jpg 1 9 11 49 49
1955_0049_0044_0033_0033.jpg 1 49 44 33 33
1956_0019_0011_0044_0044.jpg 1 19 11 44 44
1957_0027_0015_0029_0029.jpg 1 27 15 29 29
1958_0041_0022_0039_0039.jpg 1 41 22 39 39
1959_0028_0011_0058_0058.jpg 1 28 11 58 58
1960_0021_0007_0066_0066.jpg 1 21 7 66 66
1961_0038_0053_0027_0027.jpg 1 38 53 27 27
1962_0048_0056_0033_0033.jpg 1 48 56 33 33
1963_0028_0030_0056_0056.jpg 1 28 30 56 56
1964_0037_0019_0030_0030.jpg 1 37 19 30 30
1965_0020_0007_0058_0058.jpg 1 20 7 58 58
1966_0025_0036_0035_0035.jpg 1 25 36 35 35
1967_0030_0016_0058_0058.jpg 1 30 16 58 58
1968_0025_0039_0029_0029.jpg 1 25 39 29 29
1969_0023_0033_0059_0059.jpg 1 23 33 59 59
1970_0014_0012_0046_0046.jpg 1 14 12 46 46
1971_0017_0029_0032_0032.jpg 1 17 29 32 32
1972_0017_0034_0026_0026.jpg 1 17 34 26 26
1973_0018_0019_0039_0039.jpg 1 18 19 39 39
1974_0007_0040_0053_0053.jpg 1 7 40 53 53
1975_0026_0006_0060_0060.jpg 1 26 6 60 60
1976_0045_0013_0042_0042.jpg 1 45 13 42 42
1977_0010_0018_0049_0049.jpg 1 10 18 49 49
1978_0015_0030_0054_0054.jpg 1 15 30 54 54
1979_0053_0043_0026_0026.jpg 1 53 43 26 26
1980_0005_0033_0061_0061.jpg 1 5 33 61 61
1981_0059_0024_0025_0025.jpg 1 59 24 25 25
1982_0017_0033_0036_0036.jpg 1 17 33 36 36
1983_0038_0017_0048_0048.jpg 1 38 17 48 48
1984_0056_0016_0028_0028.jpg 1 56 16 28 28
1985_0012_0042_0029_0029.jpg 1 12 42 29 29
1986_0018_0026_0056_0056.jpg 1 18 26 56 56
1987_0049_0041_0030_0030.jpg 1 49 41 30 30
1988_0037_0011_0050_0050.jpg 1 37 11 50 50
1989_0006_0016_0069_0069.jpg 1 6 16 69 69
1990_0016_0032_0045_0045.jpg 1 16 32 45 45
1991_0010_0044_0044_0044.jpg 1 10 44 44 44
1992_0009_0015_0067_0067.jpg 1 9 15 67 67
1993_0032_0013_0041_0041.jpg 1 32 13 41 41
1994_0019_0008_0055_0055.jpg 1 19 8 55 55
1995_0043_0029_0028_0028.jpg 1 43 29 28 28
1996_0017_0016_0053_0053.jpg 1 17 16 53 53
1997_0020_0011_0066_0066.jpg 1 20 11 66 66
1998_0032_0017_0034_0034.jpg 1 32 17 34 34
1999_0048_0058_0035_0035.jpg 1 48 58 35 35
2000_0003_0024_0068_0068.jpg 1 3 24 68 68
